19/02/2015 09:41:31 AM org.apache.catalina.core.AprLifecycleListener init
INFO: La biblioteca nativa de Apache Tomcat basada en ARP que permite un rendimiento óptimo en entornos de desarrollo no ha sido hallada en java.library.path: /usr/lib/jvm/java-6-openjdk-i386/jre/lib/i386/server:/usr/lib/jvm/java-6-openjdk-i386/jre/lib/i386:/usr/lib/jvm/java-6-openjdk-i386/jre/../lib/i386:/usr/java/packages/lib/i386:/usr/lib/jni:/lib:/usr/lib
19/02/2015 09:41:31 AM org.apache.coyote.http11.Http11Protocol init
INFO: Inicializando Coyote HTTP/1.1 en puerto http-8080
19/02/2015 09:41:31 AM org.apache.catalina.startup.Catalina load
INFO: Initialization processed in 591 ms
19/02/2015 09:41:31 AM org.apache.catalina.core.StandardService start
INFO: Arrancando servicio Catalina
19/02/2015 09:41:31 AM org.apache.catalina.core.StandardEngine start
INFO: Starting Servlet Engine: Apache Tomcat/6.0.24
19/02/2015 09:41:31 AM org.apache.catalina.startup.HostConfig deployDirectory
INFO: Despliegue del directorio ROOT de la aplicación web
19/02/2015 09:41:32 AM org.apache.catalina.startup.HostConfig deployDirectory
INFO: Despliegue del directorio saiku de la aplicación web
19/02/2015 09:41:51 AM com.sun.jersey.api.core.PackagesResourceConfig init
INFO: Scanning for root resource and provider classes in the packages:
  org.saiku.web
19/02/2015 09:41:51 AM com.sun.jersey.api.core.ScanningResourceConfig logClasses
INFO: Root resource classes found:
  class org.saiku.web.rest.resources.BasicRepositoryResource
  class org.saiku.web.rest.resources.QueryResource
  class org.saiku.web.rest.resources.ExporterResource
  class org.saiku.web.rest.resources.StatisticsResource
  class org.saiku.web.rest.resources.SessionResource
  class org.saiku.web.rest.resources.BasicRepositoryResource2
  class org.saiku.web.rest.resources.DataSourceResource
  class org.saiku.web.rest.resources.BasicTagRepositoryResource
  class org.saiku.web.rest.resources.OlapDiscoverResource
19/02/2015 09:41:51 AM com.sun.jersey.api.core.ScanningResourceConfig init
INFO: No provider classes found.
19/02/2015 09:41:52 AM org.codehaus.enunciate.modules.jersey.EnunciateJerseyServletContainer configure
INFO: org.codehaus.enunciate.modules.amf.JAXRSProvider not found.
19/02/2015 09:41:52 AM com.sun.jersey.spi.spring.container.SpringComponentProviderFactory registerSpringBeans
INFO: Registering Spring bean, datasourceResourceBean, of type org.saiku.web.rest.resources.DataSourceResource as a root resource class
19/02/2015 09:41:52 AM com.sun.jersey.spi.spring.container.SpringComponentProviderFactory registerSpringBeans
INFO: Registering Spring bean, olapDiscoverBean, of type org.saiku.web.rest.resources.OlapDiscoverResource as a root resource class
19/02/2015 09:41:52 AM com.sun.jersey.spi.spring.container.SpringComponentProviderFactory registerSpringBeans
INFO: Registering Spring bean, queryResource, of type org.saiku.web.rest.resources.QueryResource as a root resource class
19/02/2015 09:41:52 AM com.sun.jersey.spi.spring.container.SpringComponentProviderFactory registerSpringBeans
INFO: Registering Spring bean, sessionResource, of type org.saiku.web.rest.resources.SessionResource as a root resource class
19/02/2015 09:41:52 AM com.sun.jersey.spi.spring.container.SpringComponentProviderFactory registerSpringBeans
INFO: Registering Spring bean, repositoryBean, of type org.saiku.web.rest.resources.BasicRepositoryResource as a root resource class
19/02/2015 09:41:52 AM com.sun.jersey.spi.spring.container.SpringComponentProviderFactory registerSpringBeans
INFO: Registering Spring bean, repository2bean, of type org.saiku.web.rest.resources.BasicRepositoryResource2 as a root resource class
19/02/2015 09:41:52 AM com.sun.jersey.spi.spring.container.SpringComponentProviderFactory registerSpringBeans
INFO: Registering Spring bean, tagRepositoryBean, of type org.saiku.web.rest.resources.BasicTagRepositoryResource as a root resource class
19/02/2015 09:41:52 AM com.sun.jersey.spi.spring.container.SpringComponentProviderFactory registerSpringBeans
INFO: Registering Spring bean, exporterBean, of type org.saiku.web.rest.resources.ExporterResource as a root resource class
19/02/2015 09:41:52 AM com.sun.jersey.spi.spring.container.SpringComponentProviderFactory registerSpringBeans
INFO: Registering Spring bean, statsBean, of type org.saiku.web.rest.resources.StatisticsResource as a root resource class
19/02/2015 09:41:52 AM com.sun.jersey.server.impl.application.WebApplicationImpl _initiate
INFO: Initiating Jersey application, version 'Jersey: 1.11 12/09/2011 10:27 AM'
19/02/2015 09:41:53 AM org.apache.coyote.http11.Http11Protocol start
INFO: Arrancando Coyote HTTP/1.1 en puerto http-8080
19/02/2015 09:41:53 AM org.apache.jk.common.ChannelSocket init
INFO: JK: ajp13 listening on /0.0.0.0:8009
19/02/2015 09:41:53 AM org.apache.jk.server.JkMain start
INFO: Jk running ID=0 time=0/40  config=null
19/02/2015 09:41:53 AM org.apache.catalina.startup.Catalina start
INFO: Server startup in 21224 ms
19/02/2015 09:59:12 AM org.apache.coyote.http11.Http11Protocol pause
INFO: Pausando Coyote HTTP/1.1 en puerto http-8080
19/02/2015 09:59:13 AM org.apache.catalina.core.StandardService stop
INFO: Parando servicio Catalina
19/02/2015 09:59:13 AM org.apache.catalina.loader.WebappClassLoader clearReferencesJdbc
GRAVE: A web application registered the JBDC driver [com.mysql.jdbc.Driver] but failed to unregister it when the web application was stopped. To prevent a memory leak, the JDBC Driver has been forcibly unregistered.
19/02/2015 09:59:13 AM org.apache.catalina.loader.WebappClassLoader clearReferencesJdbc
GRAVE: A web application registered the JBDC driver [org.olap4j.driver.xmla.XmlaOlap4jDriver] but failed to unregister it when the web application was stopped. To prevent a memory leak, the JDBC Driver has been forcibly unregistered.
19/02/2015 09:59:13 AM org.apache.catalina.loader.WebappClassLoader clearReferencesJdbc
GRAVE: A web application registered the JBDC driver [mondrian.olap4j.MondrianOlap4jDriver] but failed to unregister it when the web application was stopped. To prevent a memory leak, the JDBC Driver has been forcibly unregistered.
19/02/2015 09:59:13 AM org.apache.catalina.loader.WebappClassLoader clearReferencesJdbc
GRAVE: A web application registered the JBDC driver [org.hsqldb.jdbcDriver] but failed to unregister it when the web application was stopped. To prevent a memory leak, the JDBC Driver has been forcibly unregistered.
19/02/2015 09:59:13 AM org.apache.catalina.loader.WebappClassLoader clearReferencesThreads
GRAVE: A web application appears to have started a thread named [org.apache.commons.vfs.cache.SoftRefFilesCache$SoftRefReleaseThread] but has failed to stop it. This is very likely to create a memory leak.
19/02/2015 09:59:13 AM org.apache.catalina.loader.WebappClassLoader clearReferencesThreads
GRAVE: A web application appears to have started a thread named [Mondrian Monitor] but has failed to stop it. This is very likely to create a memory leak.
19/02/2015 09:59:13 AM org.apache.catalina.loader.WebappClassLoader clearReferencesThreads
GRAVE: A web application appears to have started a thread named [mondrian.rolap.agg.SegmentCacheManager$ACTOR] but has failed to stop it. This is very likely to create a memory leak.
19/02/2015 09:59:13 AM org.apache.catalina.loader.WebappClassLoader clearReferencesThreads
GRAVE: A web application appears to have started a thread named [mondrian.rolap.RolapResultShepherd#timer] but has failed to stop it. This is very likely to create a memory leak.
19/02/2015 09:59:13 AM org.apache.catalina.loader.WebappClassLoader clearReferencesThreads
GRAVE: A web application appears to have started a thread named [Timer-0] but has failed to stop it. This is very likely to create a memory leak.
19/02/2015 09:59:13 AM org.apache.catalina.loader.WebappClassLoader clearReferencesThreads
GRAVE: A web application appears to have started a thread named [mondrian.util.ExpiringReference$timer] but has failed to stop it. This is very likely to create a memory leak.
19/02/2015 09:59:13 AM org.apache.catalina.loader.WebappClassLoader clearThreadLocalMap
GRAVE: A web application created a ThreadLocal with key of type [java.lang.ThreadLocal] (value [java.lang.ThreadLocal@11169e9]) and a value of type [org.apache.commons.vfs.provider.FileContentThreadData] (value [org.apache.commons.vfs.provider.FileContentThreadData@407e17]) but failed to remove it when the web application was stopped. To prevent a memory leak, the ThreadLocal has been forcibly removed.
19/02/2015 09:59:13 AM org.apache.catalina.loader.WebappClassLoader clearThreadLocalMap
GRAVE: A web application created a ThreadLocal with key of type [org.springframework.core.NamedThreadLocal] (value [Prototype beans currently in creation]) and a value of type [null] (value [null]) but failed to remove it when the web application was stopped. To prevent a memory leak, the ThreadLocal has been forcibly removed.
19/02/2015 09:59:13 AM org.apache.catalina.loader.WebappClassLoader clearThreadLocalMap
GRAVE: A web application created a ThreadLocal with key of type [null] (value [com.sun.xml.bind.v2.ClassFactory$1@1166e59]) and a value of type [java.util.WeakHashMap] (value [{class javax.xml.bind.annotation.W3CDomHandler=java.lang.ref.WeakReference@15942e8}]) but failed to remove it when the web application was stopped. To prevent a memory leak, the ThreadLocal has been forcibly removed.
19/02/2015 09:59:13 AM org.apache.catalina.loader.WebappClassLoader clearThreadLocalMap
GRAVE: A web application created a ThreadLocal with key of type [null] (value [mondrian.server.Locus$1@137c153]) and a value of type [java.util.Stack] (value [[]]) but failed to remove it when the web application was stopped. To prevent a memory leak, the ThreadLocal has been forcibly removed.
19/02/2015 09:59:13 AM org.apache.catalina.loader.WebappClassLoader clearThreadLocalMap
GRAVE: A web application created a ThreadLocal with key of type [java.lang.ThreadLocal] (value [java.lang.ThreadLocal@17554ac]) and a value of type [org.apache.commons.vfs.provider.FileContentThreadData] (value [org.apache.commons.vfs.provider.FileContentThreadData@9f750]) but failed to remove it when the web application was stopped. To prevent a memory leak, the ThreadLocal has been forcibly removed.
19/02/2015 09:59:13 AM org.apache.catalina.loader.WebappClassLoader clearThreadLocalMap
GRAVE: A web application created a ThreadLocal with key of type [org.springframework.core.NamedThreadLocal] (value [Name of currently proxied bean]) and a value of type [null] (value [null]) but failed to remove it when the web application was stopped. To prevent a memory leak, the ThreadLocal has been forcibly removed.
19/02/2015 09:59:13 AM org.apache.catalina.loader.WebappClassLoader clearThreadLocalMap
GRAVE: A web application created a ThreadLocal with key of type [null] (value [mondrian.server.Locus$1@137c153]) and a value of type [java.util.Stack] (value [[]]) but failed to remove it when the web application was stopped. To prevent a memory leak, the ThreadLocal has been forcibly removed.
19/02/2015 09:59:13 AM org.apache.catalina.loader.WebappClassLoader clearThreadLocalMap
GRAVE: A web application created a ThreadLocal with key of type [null] (value [mondrian.rolap.RolapStar$1@8e9ad3]) and a value of type [mondrian.rolap.RolapStar.Bar] (value [mondrian.rolap.RolapStar$Bar@56c94c]) but failed to remove it when the web application was stopped. To prevent a memory leak, the ThreadLocal has been forcibly removed.
19/02/2015 09:59:13 AM org.apache.catalina.loader.WebappClassLoader clearThreadLocalMap
GRAVE: A web application created a ThreadLocal with key of type [org.apache.log4j.helpers.ThreadLocalMap] (value [org.apache.log4j.helpers.ThreadLocalMap@1b9b979]) and a value of type [null] (value [null]) but failed to remove it when the web application was stopped. To prevent a memory leak, the ThreadLocal has been forcibly removed.
19/02/2015 09:59:13 AM org.apache.catalina.loader.WebappClassLoader clearThreadLocalMap
GRAVE: A web application created a ThreadLocal with key of type [org.springframework.core.NamedThreadLocal] (value [Request attributes]) and a value of type [null] (value [null]) but failed to remove it when the web application was stopped. To prevent a memory leak, the ThreadLocal has been forcibly removed.
19/02/2015 09:59:13 AM org.apache.catalina.loader.WebappClassLoader clearThreadLocalMap
GRAVE: A web application created a ThreadLocal with key of type [null] (value [mondrian.server.Locus$1@137c153]) and a value of type [java.util.Stack] (value [[]]) but failed to remove it when the web application was stopped. To prevent a memory leak, the ThreadLocal has been forcibly removed.
19/02/2015 09:59:13 AM org.apache.catalina.loader.WebappClassLoader clearThreadLocalMap
GRAVE: A web application created a ThreadLocal with key of type [org.springframework.core.NamedThreadLocal] (value [Prototype beans currently in creation]) and a value of type [null] (value [null]) but failed to remove it when the web application was stopped. To prevent a memory leak, the ThreadLocal has been forcibly removed.
19/02/2015 09:59:13 AM org.apache.catalina.loader.WebappClassLoader clearThreadLocalMap
GRAVE: A web application created a ThreadLocal with key of type [org.springframework.core.NamedThreadLocal] (value [Locale context]) and a value of type [null] (value [null]) but failed to remove it when the web application was stopped. To prevent a memory leak, the ThreadLocal has been forcibly removed.
19/02/2015 09:59:13 AM org.apache.catalina.loader.WebappClassLoader clearThreadLocalMap
GRAVE: A web application created a ThreadLocal with key of type [org.springframework.core.NamedInheritableThreadLocal] (value [Request context]) and a value of type [null] (value [null]) but failed to remove it when the web application was stopped. To prevent a memory leak, the ThreadLocal has been forcibly removed.
19/02/2015 09:59:13 AM org.apache.catalina.loader.WebappClassLoader clearThreadLocalMap
GRAVE: A web application created a ThreadLocal with key of type [org.springframework.core.NamedInheritableThreadLocal] (value [Locale context]) and a value of type [null] (value [null]) but failed to remove it when the web application was stopped. To prevent a memory leak, the ThreadLocal has been forcibly removed.
19/02/2015 09:59:13 AM org.apache.catalina.loader.WebappClassLoader clearThreadLocalMap
GRAVE: A web application created a ThreadLocal with key of type [org.springframework.core.NamedThreadLocal] (value [Request attributes]) and a value of type [null] (value [null]) but failed to remove it when the web application was stopped. To prevent a memory leak, the ThreadLocal has been forcibly removed.
19/02/2015 09:59:13 AM org.apache.catalina.loader.WebappClassLoader clearThreadLocalMap
GRAVE: A web application created a ThreadLocal with key of type [org.springframework.core.NamedThreadLocal] (value [Prototype beans currently in creation]) and a value of type [null] (value [null]) but failed to remove it when the web application was stopped. To prevent a memory leak, the ThreadLocal has been forcibly removed.
19/02/2015 09:59:13 AM org.apache.catalina.loader.WebappClassLoader clearThreadLocalMap
GRAVE: A web application created a ThreadLocal with key of type [null] (value [mondrian.server.Locus$1@137c153]) and a value of type [java.util.Stack] (value [[]]) but failed to remove it when the web application was stopped. To prevent a memory leak, the ThreadLocal has been forcibly removed.
19/02/2015 09:59:13 AM org.apache.catalina.loader.WebappClassLoader clearThreadLocalMap
GRAVE: A web application created a ThreadLocal with key of type [org.springframework.core.NamedThreadLocal] (value [Locale context]) and a value of type [null] (value [null]) but failed to remove it when the web application was stopped. To prevent a memory leak, the ThreadLocal has been forcibly removed.
19/02/2015 09:59:13 AM org.apache.catalina.loader.WebappClassLoader clearThreadLocalMap
GRAVE: A web application created a ThreadLocal with key of type [org.springframework.core.NamedInheritableThreadLocal] (value [Request context]) and a value of type [null] (value [null]) but failed to remove it when the web application was stopped. To prevent a memory leak, the ThreadLocal has been forcibly removed.
19/02/2015 09:59:13 AM org.apache.catalina.loader.WebappClassLoader clearThreadLocalMap
GRAVE: A web application created a ThreadLocal with key of type [org.springframework.core.NamedInheritableThreadLocal] (value [Locale context]) and a value of type [null] (value [null]) but failed to remove it when the web application was stopped. To prevent a memory leak, the ThreadLocal has been forcibly removed.
19/02/2015 09:59:13 AM org.apache.catalina.loader.WebappClassLoader clearThreadLocalMap
GRAVE: A web application created a ThreadLocal with key of type [org.springframework.core.NamedThreadLocal] (value [Request attributes]) and a value of type [null] (value [null]) but failed to remove it when the web application was stopped. To prevent a memory leak, the ThreadLocal has been forcibly removed.
19/02/2015 09:59:13 AM org.apache.catalina.loader.WebappClassLoader clearThreadLocalMap
GRAVE: A web application created a ThreadLocal with key of type [null] (value [mondrian.server.Locus$1@137c153]) and a value of type [java.util.Stack] (value [[]]) but failed to remove it when the web application was stopped. To prevent a memory leak, the ThreadLocal has been forcibly removed.
19/02/2015 09:59:13 AM org.apache.catalina.loader.WebappClassLoader clearThreadLocalMap
GRAVE: A web application created a ThreadLocal with key of type [org.springframework.core.NamedThreadLocal] (value [Prototype beans currently in creation]) and a value of type [null] (value [null]) but failed to remove it when the web application was stopped. To prevent a memory leak, the ThreadLocal has been forcibly removed.
19/02/2015 09:59:13 AM org.apache.catalina.loader.WebappClassLoader clearThreadLocalMap
GRAVE: A web application created a ThreadLocal with key of type [org.springframework.core.NamedThreadLocal] (value [Locale context]) and a value of type [null] (value [null]) but failed to remove it when the web application was stopped. To prevent a memory leak, the ThreadLocal has been forcibly removed.
19/02/2015 09:59:13 AM org.apache.catalina.loader.WebappClassLoader clearThreadLocalMap
GRAVE: A web application created a ThreadLocal with key of type [org.springframework.core.NamedInheritableThreadLocal] (value [Request context]) and a value of type [null] (value [null]) but failed to remove it when the web application was stopped. To prevent a memory leak, the ThreadLocal has been forcibly removed.
19/02/2015 09:59:13 AM org.apache.catalina.loader.WebappClassLoader clearThreadLocalMap
GRAVE: A web application created a ThreadLocal with key of type [org.apache.log4j.helpers.ThreadLocalMap] (value [org.apache.log4j.helpers.ThreadLocalMap@1b9b979]) and a value of type [null] (value [null]) but failed to remove it when the web application was stopped. To prevent a memory leak, the ThreadLocal has been forcibly removed.
19/02/2015 09:59:13 AM org.apache.catalina.loader.WebappClassLoader clearThreadLocalMap
GRAVE: A web application created a ThreadLocal with key of type [org.springframework.core.NamedInheritableThreadLocal] (value [Locale context]) and a value of type [null] (value [null]) but failed to remove it when the web application was stopped. To prevent a memory leak, the ThreadLocal has been forcibly removed.
19/02/2015 09:59:14 AM org.apache.coyote.http11.Http11Protocol destroy
INFO: Parando Coyote HTTP/1.1 en puerto http-8080
