jun 21, 2016 2:45:56 PM org.apache.catalina.core.AprLifecycleListener init
INFORMACIÓN: La biblioteca nativa de Apache Tomcat basada en ARP que permite un rendimiento óptimo en entornos de desarrollo no ha sido hallada en java.library.path: C:\Archivos de programa\Java\jdk1.8.0_31\bin;C:\WINDOWS\Sun\Java\bin;C:\WINDOWS\system32;C:\WINDOWS;C:\Documents and Settings\All Users\Datos de programa\Oracle\Java\javapath;C:\WINDOWS\system32;C:\WINDOWS;C:\WINDOWS\System32\Wbem;C:\ORANT\BIN;C:\"Archivos de Programa"\PostgreSQL\9.3;C:\Archivos de programa\Microsoft SQL Server\80\Tools\Binn\;C:\WINDOWS\system32\WindowsPowerShell\v1.0;c:\Archivos de programa\Microsoft SQL Server\100\Tools\Binn\;c:\Archivos de programa\Microsoft SQL Server\100\DTS\Binn\;c:\Archivos de programa\Microsoft SQL Server\100\Tools\Binn\VSShell\Common7\IDE\;.
jun 21, 2016 2:46:21 PM org.apache.coyote.http11.Http11Protocol init
INFORMACIÓN: Inicializando Coyote HTTP/1.1 en puerto http-8080
jun 21, 2016 2:46:21 PM org.apache.catalina.startup.Catalina load
INFORMACIÓN: Initialization processed in 27277 ms
jun 21, 2016 2:46:21 PM org.apache.catalina.core.StandardService start
INFORMACIÓN: Arrancando servicio Catalina
jun 21, 2016 2:46:21 PM org.apache.catalina.core.StandardEngine start
INFORMACIÓN: Starting Servlet Engine: Apache Tomcat/6.0.24
jun 21, 2016 2:46:21 PM org.apache.catalina.startup.HostConfig deployDirectory
INFORMACIÓN: Despliegue del directorio ROOT de la aplicación web
jun 21, 2016 2:46:50 PM org.apache.catalina.startup.HostConfig deployDirectory
INFORMACIÓN: Despliegue del directorio saiku de la aplicación web
jun 21, 2016 2:50:04 PM org.apache.catalina.session.StandardManager doLoad
GRAVE: IOException al cargar sesiones persistidas: java.io.WriteAbortedException: writing aborted; java.io.NotSerializableException: org.saiku.datasources.connection.SaikuOlapConnection
java.io.WriteAbortedException: writing aborted; java.io.NotSerializableException: org.saiku.datasources.connection.SaikuOlapConnection
	at java.io.ObjectInputStream.readObject0(ObjectInputStream.java:1355)
	at java.io.ObjectInputStream.readObject(ObjectInputStream.java:371)
	at java.util.HashMap.readObject(HashMap.java:1396)
	at sun.reflect.NativeMethodAccessorImpl.invoke0(Native Method)
	at sun.reflect.NativeMethodAccessorImpl.invoke(NativeMethodAccessorImpl.java:62)
	at sun.reflect.DelegatingMethodAccessorImpl.invoke(DelegatingMethodAccessorImpl.java:43)
	at java.lang.reflect.Method.invoke(Method.java:483)
	at java.io.ObjectStreamClass.invokeReadObject(ObjectStreamClass.java:1017)
	at java.io.ObjectInputStream.readSerialData(ObjectInputStream.java:1896)
	at java.io.ObjectInputStream.readOrdinaryObject(ObjectInputStream.java:1801)
	at java.io.ObjectInputStream.readObject0(ObjectInputStream.java:1351)
	at java.io.ObjectInputStream.defaultReadFields(ObjectInputStream.java:1993)
	at java.io.ObjectInputStream.readSerialData(ObjectInputStream.java:1918)
	at java.io.ObjectInputStream.readOrdinaryObject(ObjectInputStream.java:1801)
	at java.io.ObjectInputStream.readObject0(ObjectInputStream.java:1351)
	at java.io.ObjectInputStream.defaultReadFields(ObjectInputStream.java:1993)
	at java.io.ObjectInputStream.readSerialData(ObjectInputStream.java:1918)
	at java.io.ObjectInputStream.readOrdinaryObject(ObjectInputStream.java:1801)
	at java.io.ObjectInputStream.readObject0(ObjectInputStream.java:1351)
	at java.io.ObjectInputStream.defaultReadFields(ObjectInputStream.java:1993)
	at java.io.ObjectInputStream.readSerialData(ObjectInputStream.java:1918)
	at java.io.ObjectInputStream.readOrdinaryObject(ObjectInputStream.java:1801)
	at java.io.ObjectInputStream.readObject0(ObjectInputStream.java:1351)
	at java.io.ObjectInputStream.defaultReadFields(ObjectInputStream.java:1993)
	at java.io.ObjectInputStream.readSerialData(ObjectInputStream.java:1918)
	at java.io.ObjectInputStream.readOrdinaryObject(ObjectInputStream.java:1801)
	at java.io.ObjectInputStream.readObject0(ObjectInputStream.java:1351)
	at java.io.ObjectInputStream.defaultReadFields(ObjectInputStream.java:1993)
	at java.io.ObjectInputStream.readSerialData(ObjectInputStream.java:1918)
	at java.io.ObjectInputStream.readOrdinaryObject(ObjectInputStream.java:1801)
	at java.io.ObjectInputStream.readObject0(ObjectInputStream.java:1351)
	at java.io.ObjectInputStream.defaultReadFields(ObjectInputStream.java:1993)
	at java.io.ObjectInputStream.readSerialData(ObjectInputStream.java:1918)
	at java.io.ObjectInputStream.readOrdinaryObject(ObjectInputStream.java:1801)
	at java.io.ObjectInputStream.readObject0(ObjectInputStream.java:1351)
	at java.io.ObjectInputStream.readObject(ObjectInputStream.java:371)
	at org.apache.catalina.session.StandardSession.readObject(StandardSession.java:1470)
	at org.apache.catalina.session.StandardSession.readObjectData(StandardSession.java:972)
	at org.apache.catalina.session.StandardManager.doLoad(StandardManager.java:394)
	at org.apache.catalina.session.StandardManager.load(StandardManager.java:321)
	at org.apache.catalina.session.StandardManager.start(StandardManager.java:637)
	at org.apache.catalina.core.ContainerBase.setManager(ContainerBase.java:438)
	at org.apache.catalina.core.StandardContext.start(StandardContext.java:4396)
	at org.apache.catalina.core.ContainerBase.addChildInternal(ContainerBase.java:791)
	at org.apache.catalina.core.ContainerBase.addChild(ContainerBase.java:771)
	at org.apache.catalina.core.StandardHost.addChild(StandardHost.java:526)
	at org.apache.catalina.startup.HostConfig.deployDirectory(HostConfig.java:1041)
	at org.apache.catalina.startup.HostConfig.deployDirectories(HostConfig.java:964)
	at org.apache.catalina.startup.HostConfig.deployApps(HostConfig.java:502)
	at org.apache.catalina.startup.HostConfig.start(HostConfig.java:1277)
	at org.apache.catalina.startup.HostConfig.lifecycleEvent(HostConfig.java:321)
	at org.apache.catalina.util.LifecycleSupport.fireLifecycleEvent(LifecycleSupport.java:119)
	at org.apache.catalina.core.ContainerBase.start(ContainerBase.java:1053)
	at org.apache.catalina.core.StandardHost.start(StandardHost.java:722)
	at org.apache.catalina.core.ContainerBase.start(ContainerBase.java:1045)
	at org.apache.catalina.core.StandardEngine.start(StandardEngine.java:443)
	at org.apache.catalina.core.StandardService.start(StandardService.java:516)
	at org.apache.catalina.core.StandardServer.start(StandardServer.java:710)
	at org.apache.catalina.startup.Catalina.start(Catalina.java:593)
	at sun.reflect.NativeMethodAccessorImpl.invoke0(Native Method)
	at sun.reflect.NativeMethodAccessorImpl.invoke(NativeMethodAccessorImpl.java:62)
	at sun.reflect.DelegatingMethodAccessorImpl.invoke(DelegatingMethodAccessorImpl.java:43)
	at java.lang.reflect.Method.invoke(Method.java:483)
	at org.apache.catalina.startup.Bootstrap.start(Bootstrap.java:289)
	at org.apache.catalina.startup.Bootstrap.main(Bootstrap.java:414)
Caused by: java.io.NotSerializableException: org.saiku.datasources.connection.SaikuOlapConnection
	at java.io.ObjectOutputStream.writeObject0(ObjectOutputStream.java:1184)
	at java.io.ObjectOutputStream.writeObject(ObjectOutputStream.java:348)
	at java.util.HashMap.internalWriteEntries(HashMap.java:1777)
	at java.util.HashMap.writeObject(HashMap.java:1354)
	at sun.reflect.NativeMethodAccessorImpl.invoke0(Native Method)
	at sun.reflect.NativeMethodAccessorImpl.invoke(NativeMethodAccessorImpl.java:62)
	at sun.reflect.DelegatingMethodAccessorImpl.invoke(DelegatingMethodAccessorImpl.java:43)
	at java.lang.reflect.Method.invoke(Method.java:483)
	at java.io.ObjectStreamClass.invokeWriteObject(ObjectStreamClass.java:988)
	at java.io.ObjectOutputStream.writeSerialData(ObjectOutputStream.java:1496)
	at java.io.ObjectOutputStream.writeOrdinaryObject(ObjectOutputStream.java:1432)
	at java.io.ObjectOutputStream.writeObject0(ObjectOutputStream.java:1178)
	at java.io.ObjectOutputStream.defaultWriteFields(ObjectOutputStream.java:1548)
	at java.io.ObjectOutputStream.writeSerialData(ObjectOutputStream.java:1509)
	at java.io.ObjectOutputStream.writeOrdinaryObject(ObjectOutputStream.java:1432)
	at java.io.ObjectOutputStream.writeObject0(ObjectOutputStream.java:1178)
	at java.io.ObjectOutputStream.defaultWriteFields(ObjectOutputStream.java:1548)
	at java.io.ObjectOutputStream.writeSerialData(ObjectOutputStream.java:1509)
	at java.io.ObjectOutputStream.writeOrdinaryObject(ObjectOutputStream.java:1432)
	at java.io.ObjectOutputStream.writeObject0(ObjectOutputStream.java:1178)
	at java.io.ObjectOutputStream.defaultWriteFields(ObjectOutputStream.java:1548)
	at java.io.ObjectOutputStream.writeSerialData(ObjectOutputStream.java:1509)
	at java.io.ObjectOutputStream.writeOrdinaryObject(ObjectOutputStream.java:1432)
	at java.io.ObjectOutputStream.writeObject0(ObjectOutputStream.java:1178)
	at java.io.ObjectOutputStream.defaultWriteFields(ObjectOutputStream.java:1548)
	at java.io.ObjectOutputStream.writeSerialData(ObjectOutputStream.java:1509)
	at java.io.ObjectOutputStream.writeOrdinaryObject(ObjectOutputStream.java:1432)
	at java.io.ObjectOutputStream.writeObject0(ObjectOutputStream.java:1178)
	at java.io.ObjectOutputStream.defaultWriteFields(ObjectOutputStream.java:1548)
	at java.io.ObjectOutputStream.writeSerialData(ObjectOutputStream.java:1509)
	at java.io.ObjectOutputStream.writeOrdinaryObject(ObjectOutputStream.java:1432)
	at java.io.ObjectOutputStream.writeObject0(ObjectOutputStream.java:1178)
	at java.io.ObjectOutputStream.defaultWriteFields(ObjectOutputStream.java:1548)
	at java.io.ObjectOutputStream.writeSerialData(ObjectOutputStream.java:1509)
	at java.io.ObjectOutputStream.writeOrdinaryObject(ObjectOutputStream.java:1432)
	at java.io.ObjectOutputStream.writeObject0(ObjectOutputStream.java:1178)
	at java.io.ObjectOutputStream.writeObject(ObjectOutputStream.java:348)
	at org.apache.catalina.session.StandardSession.writeObject(StandardSession.java:1546)
	at org.apache.catalina.session.StandardSession.writeObjectData(StandardSession.java:989)
	at org.apache.catalina.session.StandardManager.doUnload(StandardManager.java:517)
	at org.apache.catalina.session.StandardManager.unload(StandardManager.java:463)
	at org.apache.catalina.session.StandardManager.stop(StandardManager.java:667)
	at org.apache.catalina.core.StandardContext.stop(StandardContext.java:4611)
	at org.apache.catalina.core.ContainerBase.removeChild(ContainerBase.java:924)
	at org.apache.catalina.startup.HostConfig.undeployApps(HostConfig.java:1319)
	at org.apache.catalina.startup.HostConfig.stop(HostConfig.java:1290)
	at org.apache.catalina.startup.HostConfig.lifecycleEvent(HostConfig.java:323)
	at org.apache.catalina.util.LifecycleSupport.fireLifecycleEvent(LifecycleSupport.java:119)
	at org.apache.catalina.core.ContainerBase.stop(ContainerBase.java:1086)
	at org.apache.catalina.core.ContainerBase.stop(ContainerBase.java:1098)
	at org.apache.catalina.core.StandardEngine.stop(StandardEngine.java:448)
	at org.apache.catalina.core.StandardService.stop(StandardService.java:584)
	at org.apache.catalina.core.StandardServer.stop(StandardServer.java:744)
	at org.apache.catalina.startup.Catalina.stop(Catalina.java:643)
	at org.apache.catalina.startup.Catalina$CatalinaShutdownHook.run(Catalina.java:687)

jun 21, 2016 2:50:04 PM org.apache.catalina.session.StandardManager start
GRAVE: Excepción cargando sesiones desde almacenamiento persistente
java.io.WriteAbortedException: writing aborted; java.io.NotSerializableException: org.saiku.datasources.connection.SaikuOlapConnection
	at java.io.ObjectInputStream.readObject0(ObjectInputStream.java:1355)
	at java.io.ObjectInputStream.readObject(ObjectInputStream.java:371)
	at java.util.HashMap.readObject(HashMap.java:1396)
	at sun.reflect.NativeMethodAccessorImpl.invoke0(Native Method)
	at sun.reflect.NativeMethodAccessorImpl.invoke(NativeMethodAccessorImpl.java:62)
	at sun.reflect.DelegatingMethodAccessorImpl.invoke(DelegatingMethodAccessorImpl.java:43)
	at java.lang.reflect.Method.invoke(Method.java:483)
	at java.io.ObjectStreamClass.invokeReadObject(ObjectStreamClass.java:1017)
	at java.io.ObjectInputStream.readSerialData(ObjectInputStream.java:1896)
	at java.io.ObjectInputStream.readOrdinaryObject(ObjectInputStream.java:1801)
	at java.io.ObjectInputStream.readObject0(ObjectInputStream.java:1351)
	at java.io.ObjectInputStream.defaultReadFields(ObjectInputStream.java:1993)
	at java.io.ObjectInputStream.readSerialData(ObjectInputStream.java:1918)
	at java.io.ObjectInputStream.readOrdinaryObject(ObjectInputStream.java:1801)
	at java.io.ObjectInputStream.readObject0(ObjectInputStream.java:1351)
	at java.io.ObjectInputStream.defaultReadFields(ObjectInputStream.java:1993)
	at java.io.ObjectInputStream.readSerialData(ObjectInputStream.java:1918)
	at java.io.ObjectInputStream.readOrdinaryObject(ObjectInputStream.java:1801)
	at java.io.ObjectInputStream.readObject0(ObjectInputStream.java:1351)
	at java.io.ObjectInputStream.defaultReadFields(ObjectInputStream.java:1993)
	at java.io.ObjectInputStream.readSerialData(ObjectInputStream.java:1918)
	at java.io.ObjectInputStream.readOrdinaryObject(ObjectInputStream.java:1801)
	at java.io.ObjectInputStream.readObject0(ObjectInputStream.java:1351)
	at java.io.ObjectInputStream.defaultReadFields(ObjectInputStream.java:1993)
	at java.io.ObjectInputStream.readSerialData(ObjectInputStream.java:1918)
	at java.io.ObjectInputStream.readOrdinaryObject(ObjectInputStream.java:1801)
	at java.io.ObjectInputStream.readObject0(ObjectInputStream.java:1351)
	at java.io.ObjectInputStream.defaultReadFields(ObjectInputStream.java:1993)
	at java.io.ObjectInputStream.readSerialData(ObjectInputStream.java:1918)
	at java.io.ObjectInputStream.readOrdinaryObject(ObjectInputStream.java:1801)
	at java.io.ObjectInputStream.readObject0(ObjectInputStream.java:1351)
	at java.io.ObjectInputStream.defaultReadFields(ObjectInputStream.java:1993)
	at java.io.ObjectInputStream.readSerialData(ObjectInputStream.java:1918)
	at java.io.ObjectInputStream.readOrdinaryObject(ObjectInputStream.java:1801)
	at java.io.ObjectInputStream.readObject0(ObjectInputStream.java:1351)
	at java.io.ObjectInputStream.readObject(ObjectInputStream.java:371)
	at org.apache.catalina.session.StandardSession.readObject(StandardSession.java:1470)
	at org.apache.catalina.session.StandardSession.readObjectData(StandardSession.java:972)
	at org.apache.catalina.session.StandardManager.doLoad(StandardManager.java:394)
	at org.apache.catalina.session.StandardManager.load(StandardManager.java:321)
	at org.apache.catalina.session.StandardManager.start(StandardManager.java:637)
	at org.apache.catalina.core.ContainerBase.setManager(ContainerBase.java:438)
	at org.apache.catalina.core.StandardContext.start(StandardContext.java:4396)
	at org.apache.catalina.core.ContainerBase.addChildInternal(ContainerBase.java:791)
	at org.apache.catalina.core.ContainerBase.addChild(ContainerBase.java:771)
	at org.apache.catalina.core.StandardHost.addChild(StandardHost.java:526)
	at org.apache.catalina.startup.HostConfig.deployDirectory(HostConfig.java:1041)
	at org.apache.catalina.startup.HostConfig.deployDirectories(HostConfig.java:964)
	at org.apache.catalina.startup.HostConfig.deployApps(HostConfig.java:502)
	at org.apache.catalina.startup.HostConfig.start(HostConfig.java:1277)
	at org.apache.catalina.startup.HostConfig.lifecycleEvent(HostConfig.java:321)
	at org.apache.catalina.util.LifecycleSupport.fireLifecycleEvent(LifecycleSupport.java:119)
	at org.apache.catalina.core.ContainerBase.start(ContainerBase.java:1053)
	at org.apache.catalina.core.StandardHost.start(StandardHost.java:722)
	at org.apache.catalina.core.ContainerBase.start(ContainerBase.java:1045)
	at org.apache.catalina.core.StandardEngine.start(StandardEngine.java:443)
	at org.apache.catalina.core.StandardService.start(StandardService.java:516)
	at org.apache.catalina.core.StandardServer.start(StandardServer.java:710)
	at org.apache.catalina.startup.Catalina.start(Catalina.java:593)
	at sun.reflect.NativeMethodAccessorImpl.invoke0(Native Method)
	at sun.reflect.NativeMethodAccessorImpl.invoke(NativeMethodAccessorImpl.java:62)
	at sun.reflect.DelegatingMethodAccessorImpl.invoke(DelegatingMethodAccessorImpl.java:43)
	at java.lang.reflect.Method.invoke(Method.java:483)
	at org.apache.catalina.startup.Bootstrap.start(Bootstrap.java:289)
	at org.apache.catalina.startup.Bootstrap.main(Bootstrap.java:414)
Caused by: java.io.NotSerializableException: org.saiku.datasources.connection.SaikuOlapConnection
	at java.io.ObjectOutputStream.writeObject0(ObjectOutputStream.java:1184)
	at java.io.ObjectOutputStream.writeObject(ObjectOutputStream.java:348)
	at java.util.HashMap.internalWriteEntries(HashMap.java:1777)
	at java.util.HashMap.writeObject(HashMap.java:1354)
	at sun.reflect.NativeMethodAccessorImpl.invoke0(Native Method)
	at sun.reflect.NativeMethodAccessorImpl.invoke(NativeMethodAccessorImpl.java:62)
	at sun.reflect.DelegatingMethodAccessorImpl.invoke(DelegatingMethodAccessorImpl.java:43)
	at java.lang.reflect.Method.invoke(Method.java:483)
	at java.io.ObjectStreamClass.invokeWriteObject(ObjectStreamClass.java:988)
	at java.io.ObjectOutputStream.writeSerialData(ObjectOutputStream.java:1496)
	at java.io.ObjectOutputStream.writeOrdinaryObject(ObjectOutputStream.java:1432)
	at java.io.ObjectOutputStream.writeObject0(ObjectOutputStream.java:1178)
	at java.io.ObjectOutputStream.defaultWriteFields(ObjectOutputStream.java:1548)
	at java.io.ObjectOutputStream.writeSerialData(ObjectOutputStream.java:1509)
	at java.io.ObjectOutputStream.writeOrdinaryObject(ObjectOutputStream.java:1432)
	at java.io.ObjectOutputStream.writeObject0(ObjectOutputStream.java:1178)
	at java.io.ObjectOutputStream.defaultWriteFields(ObjectOutputStream.java:1548)
	at java.io.ObjectOutputStream.writeSerialData(ObjectOutputStream.java:1509)
	at java.io.ObjectOutputStream.writeOrdinaryObject(ObjectOutputStream.java:1432)
	at java.io.ObjectOutputStream.writeObject0(ObjectOutputStream.java:1178)
	at java.io.ObjectOutputStream.defaultWriteFields(ObjectOutputStream.java:1548)
	at java.io.ObjectOutputStream.writeSerialData(ObjectOutputStream.java:1509)
	at java.io.ObjectOutputStream.writeOrdinaryObject(ObjectOutputStream.java:1432)
	at java.io.ObjectOutputStream.writeObject0(ObjectOutputStream.java:1178)
	at java.io.ObjectOutputStream.defaultWriteFields(ObjectOutputStream.java:1548)
	at java.io.ObjectOutputStream.writeSerialData(ObjectOutputStream.java:1509)
	at java.io.ObjectOutputStream.writeOrdinaryObject(ObjectOutputStream.java:1432)
	at java.io.ObjectOutputStream.writeObject0(ObjectOutputStream.java:1178)
	at java.io.ObjectOutputStream.defaultWriteFields(ObjectOutputStream.java:1548)
	at java.io.ObjectOutputStream.writeSerialData(ObjectOutputStream.java:1509)
	at java.io.ObjectOutputStream.writeOrdinaryObject(ObjectOutputStream.java:1432)
	at java.io.ObjectOutputStream.writeObject0(ObjectOutputStream.java:1178)
	at java.io.ObjectOutputStream.defaultWriteFields(ObjectOutputStream.java:1548)
	at java.io.ObjectOutputStream.writeSerialData(ObjectOutputStream.java:1509)
	at java.io.ObjectOutputStream.writeOrdinaryObject(ObjectOutputStream.java:1432)
	at java.io.ObjectOutputStream.writeObject0(ObjectOutputStream.java:1178)
	at java.io.ObjectOutputStream.writeObject(ObjectOutputStream.java:348)
	at org.apache.catalina.session.StandardSession.writeObject(StandardSession.java:1546)
	at org.apache.catalina.session.StandardSession.writeObjectData(StandardSession.java:989)
	at org.apache.catalina.session.StandardManager.doUnload(StandardManager.java:517)
	at org.apache.catalina.session.StandardManager.unload(StandardManager.java:463)
	at org.apache.catalina.session.StandardManager.stop(StandardManager.java:667)
	at org.apache.catalina.core.StandardContext.stop(StandardContext.java:4611)
	at org.apache.catalina.core.ContainerBase.removeChild(ContainerBase.java:924)
	at org.apache.catalina.startup.HostConfig.undeployApps(HostConfig.java:1319)
	at org.apache.catalina.startup.HostConfig.stop(HostConfig.java:1290)
	at org.apache.catalina.startup.HostConfig.lifecycleEvent(HostConfig.java:323)
	at org.apache.catalina.util.LifecycleSupport.fireLifecycleEvent(LifecycleSupport.java:119)
	at org.apache.catalina.core.ContainerBase.stop(ContainerBase.java:1086)
	at org.apache.catalina.core.ContainerBase.stop(ContainerBase.java:1098)
	at org.apache.catalina.core.StandardEngine.stop(StandardEngine.java:448)
	at org.apache.catalina.core.StandardService.stop(StandardService.java:584)
	at org.apache.catalina.core.StandardServer.stop(StandardServer.java:744)
	at org.apache.catalina.startup.Catalina.stop(Catalina.java:643)
	at org.apache.catalina.startup.Catalina$CatalinaShutdownHook.run(Catalina.java:687)

jun 21, 2016 2:50:18 PM com.sun.jersey.api.core.PackagesResourceConfig init
INFORMACIÓN: Scanning for root resource and provider classes in the packages:
  org.saiku.web
jun 21, 2016 2:50:18 PM com.sun.jersey.api.core.ScanningResourceConfig logClasses
INFORMACIÓN: Root resource classes found:
  class org.saiku.web.rest.resources.BasicTagRepositoryResource
  class org.saiku.web.rest.resources.DataSourceResource
  class org.saiku.web.rest.resources.BasicRepositoryResource
  class org.saiku.web.rest.resources.ExporterResource
  class org.saiku.web.rest.resources.SessionResource
  class org.saiku.web.rest.resources.BasicRepositoryResource2
  class org.saiku.web.rest.resources.StatisticsResource
  class org.saiku.web.rest.resources.QueryResource
  class org.saiku.web.rest.resources.OlapDiscoverResource
jun 21, 2016 2:50:18 PM com.sun.jersey.api.core.ScanningResourceConfig init
INFORMACIÓN: No provider classes found.
jun 21, 2016 2:50:18 PM org.codehaus.enunciate.modules.jersey.EnunciateJerseyServletContainer configure
INFORMACIÓN: org.codehaus.enunciate.modules.amf.JAXRSProvider not found.
jun 21, 2016 2:50:18 PM com.sun.jersey.spi.spring.container.SpringComponentProviderFactory registerSpringBeans
INFORMACIÓN: Registering Spring bean, datasourceResourceBean, of type org.saiku.web.rest.resources.DataSourceResource as a root resource class
jun 21, 2016 2:50:18 PM com.sun.jersey.spi.spring.container.SpringComponentProviderFactory registerSpringBeans
INFORMACIÓN: Registering Spring bean, olapDiscoverBean, of type org.saiku.web.rest.resources.OlapDiscoverResource as a root resource class
jun 21, 2016 2:50:18 PM com.sun.jersey.spi.spring.container.SpringComponentProviderFactory registerSpringBeans
INFORMACIÓN: Registering Spring bean, queryResource, of type org.saiku.web.rest.resources.QueryResource as a root resource class
jun 21, 2016 2:50:18 PM com.sun.jersey.spi.spring.container.SpringComponentProviderFactory registerSpringBeans
INFORMACIÓN: Registering Spring bean, sessionResource, of type org.saiku.web.rest.resources.SessionResource as a root resource class
jun 21, 2016 2:50:18 PM com.sun.jersey.spi.spring.container.SpringComponentProviderFactory registerSpringBeans
INFORMACIÓN: Registering Spring bean, repositoryBean, of type org.saiku.web.rest.resources.BasicRepositoryResource as a root resource class
jun 21, 2016 2:50:18 PM com.sun.jersey.spi.spring.container.SpringComponentProviderFactory registerSpringBeans
INFORMACIÓN: Registering Spring bean, repository2bean, of type org.saiku.web.rest.resources.BasicRepositoryResource2 as a root resource class
jun 21, 2016 2:50:18 PM com.sun.jersey.spi.spring.container.SpringComponentProviderFactory registerSpringBeans
INFORMACIÓN: Registering Spring bean, tagRepositoryBean, of type org.saiku.web.rest.resources.BasicTagRepositoryResource as a root resource class
jun 21, 2016 2:50:18 PM com.sun.jersey.spi.spring.container.SpringComponentProviderFactory registerSpringBeans
INFORMACIÓN: Registering Spring bean, exporterBean, of type org.saiku.web.rest.resources.ExporterResource as a root resource class
jun 21, 2016 2:50:18 PM com.sun.jersey.spi.spring.container.SpringComponentProviderFactory registerSpringBeans
INFORMACIÓN: Registering Spring bean, statsBean, of type org.saiku.web.rest.resources.StatisticsResource as a root resource class
jun 21, 2016 2:50:18 PM com.sun.jersey.server.impl.application.WebApplicationImpl _initiate
INFORMACIÓN: Initiating Jersey application, version 'Jersey: 1.11 12/09/2011 10:27 AM'
jun 21, 2016 2:50:20 PM org.apache.coyote.http11.Http11Protocol start
INFORMACIÓN: Arrancando Coyote HTTP/1.1 en puerto http-8080
jun 21, 2016 2:50:20 PM org.apache.jk.common.ChannelSocket init
INFORMACIÓN: JK: ajp13 listening on /0.0.0.0:8009
jun 21, 2016 2:50:20 PM org.apache.jk.server.JkMain start
INFORMACIÓN: Jk running ID=0 time=0/20  config=null
jun 21, 2016 2:50:20 PM org.apache.catalina.startup.Catalina start
INFORMACIÓN: Server startup in 238400 ms
jun 21, 2016 4:10:05 PM org.apache.coyote.http11.Http11Protocol pause
INFORMACIÓN: Pausando Coyote HTTP/1.1 en puerto http-8080
jun 21, 2016 4:10:06 PM org.apache.catalina.core.StandardService stop
INFORMACIÓN: Parando servicio Catalina
jun 21, 2016 4:10:06 PM org.apache.catalina.loader.WebappClassLoader clearReferencesJdbc
GRAVE: A web application registered the JBDC driver [com.mysql.jdbc.Driver] but failed to unregister it when the web application was stopped. To prevent a memory leak, the JDBC Driver has been forcibly unregistered.
jun 21, 2016 4:10:06 PM org.apache.catalina.loader.WebappClassLoader clearReferencesJdbc
GRAVE: A web application registered the JBDC driver [org.olap4j.driver.xmla.XmlaOlap4jDriver] but failed to unregister it when the web application was stopped. To prevent a memory leak, the JDBC Driver has been forcibly unregistered.
jun 21, 2016 4:10:06 PM org.apache.catalina.loader.WebappClassLoader clearReferencesJdbc
GRAVE: A web application registered the JBDC driver [mondrian.olap4j.MondrianOlap4jDriver] but failed to unregister it when the web application was stopped. To prevent a memory leak, the JDBC Driver has been forcibly unregistered.
jun 21, 2016 4:10:06 PM org.apache.catalina.loader.WebappClassLoader clearReferencesJdbc
GRAVE: A web application registered the JBDC driver [org.hsqldb.jdbcDriver] but failed to unregister it when the web application was stopped. To prevent a memory leak, the JDBC Driver has been forcibly unregistered.
jun 21, 2016 4:10:06 PM org.apache.catalina.loader.WebappClassLoader clearReferencesThreads
GRAVE: A web application appears to have started a thread named [org.apache.commons.vfs.cache.SoftRefFilesCache$SoftRefReleaseThread] but has failed to stop it. This is very likely to create a memory leak.
jun 21, 2016 4:10:06 PM org.apache.catalina.loader.WebappClassLoader clearReferencesThreads
GRAVE: A web application appears to have started a thread named [Mondrian Monitor] but has failed to stop it. This is very likely to create a memory leak.
jun 21, 2016 4:10:06 PM org.apache.catalina.loader.WebappClassLoader clearReferencesThreads
GRAVE: A web application appears to have started a thread named [mondrian.rolap.agg.SegmentCacheManager$ACTOR] but has failed to stop it. This is very likely to create a memory leak.
jun 21, 2016 4:10:06 PM org.apache.catalina.loader.WebappClassLoader clearReferencesThreads
GRAVE: A web application appears to have started a thread named [mondrian.rolap.RolapResultShepherd#timer] but has failed to stop it. This is very likely to create a memory leak.
jun 21, 2016 4:10:06 PM org.apache.catalina.loader.WebappClassLoader clearReferencesThreads
GRAVE: A web application appears to have started a thread named [Timer-0] but has failed to stop it. This is very likely to create a memory leak.
jun 21, 2016 4:10:06 PM org.apache.catalina.loader.WebappClassLoader clearReferencesThreads
GRAVE: A web application appears to have started a thread named [mondrian.util.ExpiringReference$timer] but has failed to stop it. This is very likely to create a memory leak.
jun 21, 2016 4:10:06 PM org.apache.catalina.loader.WebappClassLoader clearThreadLocalMap
GRAVE: A web application created a ThreadLocal with key of type [org.springframework.core.NamedThreadLocal] (value [Name of currently proxied bean]) and a value of type [null] (value [null]) but failed to remove it when the web application was stopped. To prevent a memory leak, the ThreadLocal has been forcibly removed.
jun 21, 2016 4:10:06 PM org.apache.catalina.loader.WebappClassLoader clearThreadLocalMap
GRAVE: A web application created a ThreadLocal with key of type [java.lang.ThreadLocal] (value [java.lang.ThreadLocal@1ac521d]) and a value of type [org.apache.commons.vfs.provider.FileContentThreadData] (value [org.apache.commons.vfs.provider.FileContentThreadData@af1bf6]) but failed to remove it when the web application was stopped. To prevent a memory leak, the ThreadLocal has been forcibly removed.
jun 21, 2016 4:10:06 PM org.apache.catalina.loader.WebappClassLoader clearThreadLocalMap
GRAVE: A web application created a ThreadLocal with key of type [null] (value [mondrian.server.Locus$1@9bd55d]) and a value of type [java.util.Stack] (value [[]]) but failed to remove it when the web application was stopped. To prevent a memory leak, the ThreadLocal has been forcibly removed.
jun 21, 2016 4:10:06 PM org.apache.catalina.loader.WebappClassLoader clearThreadLocalMap
GRAVE: A web application created a ThreadLocal with key of type [java.lang.ThreadLocal] (value [java.lang.ThreadLocal@1be7e15]) and a value of type [org.apache.commons.vfs.provider.FileContentThreadData] (value [org.apache.commons.vfs.provider.FileContentThreadData@bfe845]) but failed to remove it when the web application was stopped. To prevent a memory leak, the ThreadLocal has been forcibly removed.
jun 21, 2016 4:10:06 PM org.apache.catalina.loader.WebappClassLoader clearThreadLocalMap
GRAVE: A web application created a ThreadLocal with key of type [java.lang.ThreadLocal] (value [java.lang.ThreadLocal@f244f]) and a value of type [org.apache.commons.vfs.provider.FileContentThreadData] (value [org.apache.commons.vfs.provider.FileContentThreadData@72276e]) but failed to remove it when the web application was stopped. To prevent a memory leak, the ThreadLocal has been forcibly removed.
jun 21, 2016 4:10:06 PM org.apache.catalina.loader.WebappClassLoader clearThreadLocalMap
GRAVE: A web application created a ThreadLocal with key of type [org.springframework.core.NamedThreadLocal] (value [Prototype beans currently in creation]) and a value of type [null] (value [null]) but failed to remove it when the web application was stopped. To prevent a memory leak, the ThreadLocal has been forcibly removed.
jun 21, 2016 4:10:06 PM org.apache.catalina.loader.WebappClassLoader clearThreadLocalMap
GRAVE: A web application created a ThreadLocal with key of type [null] (value [com.sun.xml.bind.v2.ClassFactory$1@48b963]) and a value of type [java.util.WeakHashMap] (value [{class javax.xml.bind.annotation.W3CDomHandler=java.lang.ref.WeakReference@1f08caf}]) but failed to remove it when the web application was stopped. To prevent a memory leak, the ThreadLocal has been forcibly removed.
jun 21, 2016 4:10:06 PM org.apache.catalina.loader.WebappClassLoader clearThreadLocalMap
GRAVE: A web application created a ThreadLocal with key of type [null] (value [mondrian.server.Locus$1@9bd55d]) and a value of type [java.util.Stack] (value [[]]) but failed to remove it when the web application was stopped. To prevent a memory leak, the ThreadLocal has been forcibly removed.
jun 21, 2016 4:10:06 PM org.apache.catalina.loader.WebappClassLoader clearThreadLocalMap
GRAVE: A web application created a ThreadLocal with key of type [org.springframework.core.NamedThreadLocal] (value [Locale context]) and a value of type [null] (value [null]) but failed to remove it when the web application was stopped. To prevent a memory leak, the ThreadLocal has been forcibly removed.
jun 21, 2016 4:10:06 PM org.apache.catalina.loader.WebappClassLoader clearThreadLocalMap
GRAVE: A web application created a ThreadLocal with key of type [org.springframework.core.NamedThreadLocal] (value [Request attributes]) and a value of type [null] (value [null]) but failed to remove it when the web application was stopped. To prevent a memory leak, the ThreadLocal has been forcibly removed.
jun 21, 2016 4:10:06 PM org.apache.catalina.loader.WebappClassLoader clearThreadLocalMap
GRAVE: A web application created a ThreadLocal with key of type [org.springframework.core.NamedInheritableThreadLocal] (value [Locale context]) and a value of type [null] (value [null]) but failed to remove it when the web application was stopped. To prevent a memory leak, the ThreadLocal has been forcibly removed.
jun 21, 2016 4:10:06 PM org.apache.catalina.loader.WebappClassLoader clearThreadLocalMap
GRAVE: A web application created a ThreadLocal with key of type [org.springframework.core.NamedInheritableThreadLocal] (value [Request context]) and a value of type [null] (value [null]) but failed to remove it when the web application was stopped. To prevent a memory leak, the ThreadLocal has been forcibly removed.
jun 21, 2016 4:10:06 PM org.apache.catalina.loader.WebappClassLoader clearThreadLocalMap
GRAVE: A web application created a ThreadLocal with key of type [null] (value [mondrian.server.Locus$1@9bd55d]) and a value of type [java.util.Stack] (value [[]]) but failed to remove it when the web application was stopped. To prevent a memory leak, the ThreadLocal has been forcibly removed.
jun 21, 2016 4:10:06 PM org.apache.catalina.loader.WebappClassLoader clearThreadLocalMap
GRAVE: A web application created a ThreadLocal with key of type [org.springframework.core.NamedThreadLocal] (value [Locale context]) and a value of type [null] (value [null]) but failed to remove it when the web application was stopped. To prevent a memory leak, the ThreadLocal has been forcibly removed.
jun 21, 2016 4:10:06 PM org.apache.catalina.loader.WebappClassLoader clearThreadLocalMap
GRAVE: A web application created a ThreadLocal with key of type [org.springframework.core.NamedThreadLocal] (value [Name of currently proxied bean]) and a value of type [null] (value [null]) but failed to remove it when the web application was stopped. To prevent a memory leak, the ThreadLocal has been forcibly removed.
jun 21, 2016 4:10:06 PM org.apache.catalina.loader.WebappClassLoader clearThreadLocalMap
GRAVE: A web application created a ThreadLocal with key of type [org.springframework.core.NamedThreadLocal] (value [Request attributes]) and a value of type [null] (value [null]) but failed to remove it when the web application was stopped. To prevent a memory leak, the ThreadLocal has been forcibly removed.
jun 21, 2016 4:10:06 PM org.apache.catalina.loader.WebappClassLoader clearThreadLocalMap
GRAVE: A web application created a ThreadLocal with key of type [org.springframework.core.NamedInheritableThreadLocal] (value [Locale context]) and a value of type [null] (value [null]) but failed to remove it when the web application was stopped. To prevent a memory leak, the ThreadLocal has been forcibly removed.
jun 21, 2016 4:10:06 PM org.apache.catalina.loader.WebappClassLoader clearThreadLocalMap
GRAVE: A web application created a ThreadLocal with key of type [org.springframework.core.NamedInheritableThreadLocal] (value [Request context]) and a value of type [null] (value [null]) but failed to remove it when the web application was stopped. To prevent a memory leak, the ThreadLocal has been forcibly removed.
jun 21, 2016 4:10:07 PM org.apache.coyote.http11.Http11Protocol destroy
INFORMACIÓN: Parando Coyote HTTP/1.1 en puerto http-8080
