13/03/2015 04:12:10 PM org.apache.catalina.core.AprLifecycleListener init
INFO: La biblioteca nativa de Apache Tomcat basada en ARP que permite un rendimiento 贸ptimo en entornos de desarrollo no ha sido hallada en java.library.path: /usr/lib/jvm/java-6-openjdk-i386/jre/lib/i386/server:/usr/lib/jvm/java-6-openjdk-i386/jre/lib/i386:/usr/lib/jvm/java-6-openjdk-i386/jre/../lib/i386:/usr/java/packages/lib/i386:/usr/lib/jni:/lib:/usr/lib
13/03/2015 04:12:10 PM org.apache.coyote.http11.Http11Protocol init
INFO: Inicializando Coyote HTTP/1.1 en puerto http-8080
13/03/2015 04:12:10 PM org.apache.catalina.startup.Catalina load
INFO: Initialization processed in 1328 ms
13/03/2015 04:12:10 PM org.apache.catalina.core.StandardService start
INFO: Arrancando servicio Catalina
13/03/2015 04:12:10 PM org.apache.catalina.core.StandardEngine start
INFO: Starting Servlet Engine: Apache Tomcat/6.0.24
13/03/2015 04:12:10 PM org.apache.catalina.startup.HostConfig deployDirectory
INFO: Despliegue del directorio ROOT de la aplicaci贸n web
13/03/2015 04:12:11 PM org.apache.catalina.startup.HostConfig deployDirectory
INFO: Despliegue del directorio saiku de la aplicaci贸n web
13/03/2015 04:12:13 PM org.apache.catalina.session.StandardManager doLoad
GRAVE: IOException al cargar sesiones persistidas: java.io.WriteAbortedException: writing aborted; java.io.NotSerializableException: org.saiku.datasources.connection.SaikuOlapConnection
java.io.WriteAbortedException: writing aborted; java.io.NotSerializableException: org.saiku.datasources.connection.SaikuOlapConnection
	at java.io.ObjectInputStream.readObject0(ObjectInputStream.java:1353)
	at java.io.ObjectInputStream.readObject(ObjectInputStream.java:369)
	at java.util.HashMap.readObject(HashMap.java:1047)
	at sun.reflect.NativeMethodAccessorImpl.invoke0(Native Method)
	at sun.reflect.NativeMethodAccessorImpl.invoke(NativeMethodAccessorImpl.java:57)
	at sun.reflect.DelegatingMethodAccessorImpl.invoke(DelegatingMethodAccessorImpl.java:43)
	at java.lang.reflect.Method.invoke(Method.java:622)
	at java.io.ObjectStreamClass.invokeReadObject(ObjectStreamClass.java:1001)
	at java.io.ObjectInputStream.readSerialData(ObjectInputStream.java:1892)
	at java.io.ObjectInputStream.readOrdinaryObject(ObjectInputStream.java:1797)
	at java.io.ObjectInputStream.readObject0(ObjectInputStream.java:1349)
	at java.io.ObjectInputStream.defaultReadFields(ObjectInputStream.java:1989)
	at java.io.ObjectInputStream.readSerialData(ObjectInputStream.java:1914)
	at java.io.ObjectInputStream.readOrdinaryObject(ObjectInputStream.java:1797)
	at java.io.ObjectInputStream.readObject0(ObjectInputStream.java:1349)
	at java.io.ObjectInputStream.defaultReadFields(ObjectInputStream.java:1989)
	at java.io.ObjectInputStream.readSerialData(ObjectInputStream.java:1914)
	at java.io.ObjectInputStream.readOrdinaryObject(ObjectInputStream.java:1797)
	at java.io.ObjectInputStream.readObject0(ObjectInputStream.java:1349)
	at java.io.ObjectInputStream.defaultReadFields(ObjectInputStream.java:1989)
	at java.io.ObjectInputStream.readSerialData(ObjectInputStream.java:1914)
	at java.io.ObjectInputStream.readOrdinaryObject(ObjectInputStream.java:1797)
	at java.io.ObjectInputStream.readObject0(ObjectInputStream.java:1349)
	at java.io.ObjectInputStream.defaultReadFields(ObjectInputStream.java:1989)
	at java.io.ObjectInputStream.readSerialData(ObjectInputStream.java:1914)
	at java.io.ObjectInputStream.readOrdinaryObject(ObjectInputStream.java:1797)
	at java.io.ObjectInputStream.readObject0(ObjectInputStream.java:1349)
	at java.io.ObjectInputStream.readObject(ObjectInputStream.java:369)
	at org.apache.catalina.session.StandardSession.readObject(StandardSession.java:1470)
	at org.apache.catalina.session.StandardSession.readObjectData(StandardSession.java:972)
	at org.apache.catalina.session.StandardManager.doLoad(StandardManager.java:394)
	at org.apache.catalina.session.StandardManager.load(StandardManager.java:321)
	at org.apache.catalina.session.StandardManager.start(StandardManager.java:637)
	at org.apache.catalina.core.ContainerBase.setManager(ContainerBase.java:438)
	at org.apache.catalina.core.StandardContext.start(StandardContext.java:4396)
	at org.apache.catalina.core.ContainerBase.addChildInternal(ContainerBase.java:791)
	at org.apache.catalina.core.ContainerBase.addChild(ContainerBase.java:771)
	at org.apache.catalina.core.StandardHost.addChild(StandardHost.java:526)
	at org.apache.catalina.startup.HostConfig.deployDirectory(HostConfig.java:1041)
	at org.apache.catalina.startup.HostConfig.deployDirectories(HostConfig.java:964)
	at org.apache.catalina.startup.HostConfig.deployApps(HostConfig.java:502)
	at org.apache.catalina.startup.HostConfig.start(HostConfig.java:1277)
	at org.apache.catalina.startup.HostConfig.lifecycleEvent(HostConfig.java:321)
	at org.apache.catalina.util.LifecycleSupport.fireLifecycleEvent(LifecycleSupport.java:119)
	at org.apache.catalina.core.ContainerBase.start(ContainerBase.java:1053)
	at org.apache.catalina.core.StandardHost.start(StandardHost.java:722)
	at org.apache.catalina.core.ContainerBase.start(ContainerBase.java:1045)
	at org.apache.catalina.core.StandardEngine.start(StandardEngine.java:443)
	at org.apache.catalina.core.StandardService.start(StandardService.java:516)
	at org.apache.catalina.core.StandardServer.start(StandardServer.java:710)
	at org.apache.catalina.startup.Catalina.start(Catalina.java:593)
	at sun.reflect.NativeMethodAccessorImpl.invoke0(Native Method)
	at sun.reflect.NativeMethodAccessorImpl.invoke(NativeMethodAccessorImpl.java:57)
	at sun.reflect.DelegatingMethodAccessorImpl.invoke(DelegatingMethodAccessorImpl.java:43)
	at java.lang.reflect.Method.invoke(Method.java:622)
	at org.apache.catalina.startup.Bootstrap.start(Bootstrap.java:289)
	at org.apache.catalina.startup.Bootstrap.main(Bootstrap.java:414)
Caused by: java.io.NotSerializableException: org.saiku.datasources.connection.SaikuOlapConnection
	at java.io.ObjectOutputStream.writeObject0(ObjectOutputStream.java:1183)
	at java.io.ObjectOutputStream.writeObject(ObjectOutputStream.java:347)
	at java.util.HashMap.writeObject(HashMap.java:1018)
	at sun.reflect.NativeMethodAccessorImpl.invoke0(Native Method)
	at sun.reflect.NativeMethodAccessorImpl.invoke(NativeMethodAccessorImpl.java:57)
	at sun.reflect.DelegatingMethodAccessorImpl.invoke(DelegatingMethodAccessorImpl.java:43)
	at java.lang.reflect.Method.invoke(Method.java:622)
	at java.io.ObjectStreamClass.invokeWriteObject(ObjectStreamClass.java:972)
	at java.io.ObjectOutputStream.writeSerialData(ObjectOutputStream.java:1495)
	at java.io.ObjectOutputStream.writeOrdinaryObject(ObjectOutputStream.java:1431)
	at java.io.ObjectOutputStream.writeObject0(ObjectOutputStream.java:1177)
	at java.io.ObjectOutputStream.defaultWriteFields(ObjectOutputStream.java:1547)
	at java.io.ObjectOutputStream.writeSerialData(ObjectOutputStream.java:1508)
	at java.io.ObjectOutputStream.writeOrdinaryObject(ObjectOutputStream.java:1431)
	at java.io.ObjectOutputStream.writeObject0(ObjectOutputStream.java:1177)
	at java.io.ObjectOutputStream.defaultWriteFields(ObjectOutputStream.java:1547)
	at java.io.ObjectOutputStream.writeSerialData(ObjectOutputStream.java:1508)
	at java.io.ObjectOutputStream.writeOrdinaryObject(ObjectOutputStream.java:1431)
	at java.io.ObjectOutputStream.writeObject0(ObjectOutputStream.java:1177)
	at java.io.ObjectOutputStream.defaultWriteFields(ObjectOutputStream.java:1547)
	at java.io.ObjectOutputStream.writeSerialData(ObjectOutputStream.java:1508)
	at java.io.ObjectOutputStream.writeOrdinaryObject(ObjectOutputStream.java:1431)
	at java.io.ObjectOutputStream.writeObject0(ObjectOutputStream.java:1177)
	at java.io.ObjectOutputStream.defaultWriteFields(ObjectOutputStream.java:1547)
	at java.io.ObjectOutputStream.writeSerialData(ObjectOutputStream.java:1508)
	at java.io.ObjectOutputStream.writeOrdinaryObject(ObjectOutputStream.java:1431)
	at java.io.ObjectOutputStream.writeObject0(ObjectOutputStream.java:1177)
	at java.io.ObjectOutputStream.writeObject(ObjectOutputStream.java:347)
	at org.apache.catalina.session.StandardSession.writeObject(StandardSession.java:1546)
	at org.apache.catalina.session.StandardSession.writeObjectData(StandardSession.java:989)
	at org.apache.catalina.session.StandardManager.doUnload(StandardManager.java:517)
	at org.apache.catalina.session.StandardManager.unload(StandardManager.java:463)
	at org.apache.catalina.session.StandardManager.stop(StandardManager.java:667)
	at org.apache.catalina.core.StandardContext.stop(StandardContext.java:4611)
	at org.apache.catalina.core.ContainerBase.removeChild(ContainerBase.java:924)
	at org.apache.catalina.startup.HostConfig.undeployApps(HostConfig.java:1319)
	at org.apache.catalina.startup.HostConfig.stop(HostConfig.java:1290)
	at org.apache.catalina.startup.HostConfig.lifecycleEvent(HostConfig.java:323)
	at org.apache.catalina.util.LifecycleSupport.fireLifecycleEvent(LifecycleSupport.java:119)
	at org.apache.catalina.core.ContainerBase.stop(ContainerBase.java:1086)
	at org.apache.catalina.core.ContainerBase.stop(ContainerBase.java:1098)
	at org.apache.catalina.core.StandardEngine.stop(StandardEngine.java:448)
	at org.apache.catalina.core.StandardService.stop(StandardService.java:584)
	at org.apache.catalina.core.StandardServer.stop(StandardServer.java:744)
	at org.apache.catalina.startup.Catalina.stop(Catalina.java:643)
	at org.apache.catalina.startup.Catalina$CatalinaShutdownHook.run(Catalina.java:687)
13/03/2015 04:12:13 PM org.apache.catalina.session.StandardManager start
GRAVE: Excepci贸n cargando sesiones desde almacenamiento persistente
java.io.WriteAbortedException: writing aborted; java.io.NotSerializableException: org.saiku.datasources.connection.SaikuOlapConnection
	at java.io.ObjectInputStream.readObject0(ObjectInputStream.java:1353)
	at java.io.ObjectInputStream.readObject(ObjectInputStream.java:369)
	at java.util.HashMap.readObject(HashMap.java:1047)
	at sun.reflect.NativeMethodAccessorImpl.invoke0(Native Method)
	at sun.reflect.NativeMethodAccessorImpl.invoke(NativeMethodAccessorImpl.java:57)
	at sun.reflect.DelegatingMethodAccessorImpl.invoke(DelegatingMethodAccessorImpl.java:43)
	at java.lang.reflect.Method.invoke(Method.java:622)
	at java.io.ObjectStreamClass.invokeReadObject(ObjectStreamClass.java:1001)
	at java.io.ObjectInputStream.readSerialData(ObjectInputStream.java:1892)
	at java.io.ObjectInputStream.readOrdinaryObject(ObjectInputStream.java:1797)
	at java.io.ObjectInputStream.readObject0(ObjectInputStream.java:1349)
	at java.io.ObjectInputStream.defaultReadFields(ObjectInputStream.java:1989)
	at java.io.ObjectInputStream.readSerialData(ObjectInputStream.java:1914)
	at java.io.ObjectInputStream.readOrdinaryObject(ObjectInputStream.java:1797)
	at java.io.ObjectInputStream.readObject0(ObjectInputStream.java:1349)
	at java.io.ObjectInputStream.defaultReadFields(ObjectInputStream.java:1989)
	at java.io.ObjectInputStream.readSerialData(ObjectInputStream.java:1914)
	at java.io.ObjectInputStream.readOrdinaryObject(ObjectInputStream.java:1797)
	at java.io.ObjectInputStream.readObject0(ObjectInputStream.java:1349)
	at java.io.ObjectInputStream.defaultReadFields(ObjectInputStream.java:1989)
	at java.io.ObjectInputStream.readSerialData(ObjectInputStream.java:1914)
	at java.io.ObjectInputStream.readOrdinaryObject(ObjectInputStream.java:1797)
	at java.io.ObjectInputStream.readObject0(ObjectInputStream.java:1349)
	at java.io.ObjectInputStream.defaultReadFields(ObjectInputStream.java:1989)
	at java.io.ObjectInputStream.readSerialData(ObjectInputStream.java:1914)
	at java.io.ObjectInputStream.readOrdinaryObject(ObjectInputStream.java:1797)
	at java.io.ObjectInputStream.readObject0(ObjectInputStream.java:1349)
	at java.io.ObjectInputStream.readObject(ObjectInputStream.java:369)
	at org.apache.catalina.session.StandardSession.readObject(StandardSession.java:1470)
	at org.apache.catalina.session.StandardSession.readObjectData(StandardSession.java:972)
	at org.apache.catalina.session.StandardManager.doLoad(StandardManager.java:394)
	at org.apache.catalina.session.StandardManager.load(StandardManager.java:321)
	at org.apache.catalina.session.StandardManager.start(StandardManager.java:637)
	at org.apache.catalina.core.ContainerBase.setManager(ContainerBase.java:438)
	at org.apache.catalina.core.StandardContext.start(StandardContext.java:4396)
	at org.apache.catalina.core.ContainerBase.addChildInternal(ContainerBase.java:791)
	at org.apache.catalina.core.ContainerBase.addChild(ContainerBase.java:771)
	at org.apache.catalina.core.StandardHost.addChild(StandardHost.java:526)
	at org.apache.catalina.startup.HostConfig.deployDirectory(HostConfig.java:1041)
	at org.apache.catalina.startup.HostConfig.deployDirectories(HostConfig.java:964)
	at org.apache.catalina.startup.HostConfig.deployApps(HostConfig.java:502)
	at org.apache.catalina.startup.HostConfig.start(HostConfig.java:1277)
	at org.apache.catalina.startup.HostConfig.lifecycleEvent(HostConfig.java:321)
	at org.apache.catalina.util.LifecycleSupport.fireLifecycleEvent(LifecycleSupport.java:119)
	at org.apache.catalina.core.ContainerBase.start(ContainerBase.java:1053)
	at org.apache.catalina.core.StandardHost.start(StandardHost.java:722)
	at org.apache.catalina.core.ContainerBase.start(ContainerBase.java:1045)
	at org.apache.catalina.core.StandardEngine.start(StandardEngine.java:443)
	at org.apache.catalina.core.StandardService.start(StandardService.java:516)
	at org.apache.catalina.core.StandardServer.start(StandardServer.java:710)
	at org.apache.catalina.startup.Catalina.start(Catalina.java:593)
	at sun.reflect.NativeMethodAccessorImpl.invoke0(Native Method)
	at sun.reflect.NativeMethodAccessorImpl.invoke(NativeMethodAccessorImpl.java:57)
	at sun.reflect.DelegatingMethodAccessorImpl.invoke(DelegatingMethodAccessorImpl.java:43)
	at java.lang.reflect.Method.invoke(Method.java:622)
	at org.apache.catalina.startup.Bootstrap.start(Bootstrap.java:289)
	at org.apache.catalina.startup.Bootstrap.main(Bootstrap.java:414)
Caused by: java.io.NotSerializableException: org.saiku.datasources.connection.SaikuOlapConnection
	at java.io.ObjectOutputStream.writeObject0(ObjectOutputStream.java:1183)
	at java.io.ObjectOutputStream.writeObject(ObjectOutputStream.java:347)
	at java.util.HashMap.writeObject(HashMap.java:1018)
	at sun.reflect.NativeMethodAccessorImpl.invoke0(Native Method)
	at sun.reflect.NativeMethodAccessorImpl.invoke(NativeMethodAccessorImpl.java:57)
	at sun.reflect.DelegatingMethodAccessorImpl.invoke(DelegatingMethodAccessorImpl.java:43)
	at java.lang.reflect.Method.invoke(Method.java:622)
	at java.io.ObjectStreamClass.invokeWriteObject(ObjectStreamClass.java:972)
	at java.io.ObjectOutputStream.writeSerialData(ObjectOutputStream.java:1495)
	at java.io.ObjectOutputStream.writeOrdinaryObject(ObjectOutputStream.java:1431)
	at java.io.ObjectOutputStream.writeObject0(ObjectOutputStream.java:1177)
	at java.io.ObjectOutputStream.defaultWriteFields(ObjectOutputStream.java:1547)
	at java.io.ObjectOutputStream.writeSerialData(ObjectOutputStream.java:1508)
	at java.io.ObjectOutputStream.writeOrdinaryObject(ObjectOutputStream.java:1431)
	at java.io.ObjectOutputStream.writeObject0(ObjectOutputStream.java:1177)
	at java.io.ObjectOutputStream.defaultWriteFields(ObjectOutputStream.java:1547)
	at java.io.ObjectOutputStream.writeSerialData(ObjectOutputStream.java:1508)
	at java.io.ObjectOutputStream.writeOrdinaryObject(ObjectOutputStream.java:1431)
	at java.io.ObjectOutputStream.writeObject0(ObjectOutputStream.java:1177)
	at java.io.ObjectOutputStream.defaultWriteFields(ObjectOutputStream.java:1547)
	at java.io.ObjectOutputStream.writeSerialData(ObjectOutputStream.java:1508)
	at java.io.ObjectOutputStream.writeOrdinaryObject(ObjectOutputStream.java:1431)
	at java.io.ObjectOutputStream.writeObject0(ObjectOutputStream.java:1177)
	at java.io.ObjectOutputStream.defaultWriteFields(ObjectOutputStream.java:1547)
	at java.io.ObjectOutputStream.writeSerialData(ObjectOutputStream.java:1508)
	at java.io.ObjectOutputStream.writeOrdinaryObject(ObjectOutputStream.java:1431)
	at java.io.ObjectOutputStream.writeObject0(ObjectOutputStream.java:1177)
	at java.io.ObjectOutputStream.writeObject(ObjectOutputStream.java:347)
	at org.apache.catalina.session.StandardSession.writeObject(StandardSession.java:1546)
	at org.apache.catalina.session.StandardSession.writeObjectData(StandardSession.java:989)
	at org.apache.catalina.session.StandardManager.doUnload(StandardManager.java:517)
	at org.apache.catalina.session.StandardManager.unload(StandardManager.java:463)
	at org.apache.catalina.session.StandardManager.stop(StandardManager.java:667)
	at org.apache.catalina.core.StandardContext.stop(StandardContext.java:4611)
	at org.apache.catalina.core.ContainerBase.removeChild(ContainerBase.java:924)
	at org.apache.catalina.startup.HostConfig.undeployApps(HostConfig.java:1319)
	at org.apache.catalina.startup.HostConfig.stop(HostConfig.java:1290)
	at org.apache.catalina.startup.HostConfig.lifecycleEvent(HostConfig.java:323)
	at org.apache.catalina.util.LifecycleSupport.fireLifecycleEvent(LifecycleSupport.java:119)
	at org.apache.catalina.core.ContainerBase.stop(ContainerBase.java:1086)
	at org.apache.catalina.core.ContainerBase.stop(ContainerBase.java:1098)
	at org.apache.catalina.core.StandardEngine.stop(StandardEngine.java:448)
	at org.apache.catalina.core.StandardService.stop(StandardService.java:584)
	at org.apache.catalina.core.StandardServer.stop(StandardServer.java:744)
	at org.apache.catalina.startup.Catalina.stop(Catalina.java:643)
	at org.apache.catalina.startup.Catalina$CatalinaShutdownHook.run(Catalina.java:687)
13/03/2015 04:12:27 PM com.sun.jersey.api.core.PackagesResourceConfig init
INFO: Scanning for root resource and provider classes in the packages:
  org.saiku.web
13/03/2015 04:12:27 PM com.sun.jersey.api.core.ScanningResourceConfig logClasses
INFO: Root resource classes found:
  class org.saiku.web.rest.resources.ExporterResource
  class org.saiku.web.rest.resources.SessionResource
  class org.saiku.web.rest.resources.OlapDiscoverResource
  class org.saiku.web.rest.resources.BasicRepositoryResource
  class org.saiku.web.rest.resources.BasicTagRepositoryResource
  class org.saiku.web.rest.resources.QueryResource
  class org.saiku.web.rest.resources.DataSourceResource
  class org.saiku.web.rest.resources.BasicRepositoryResource2
  class org.saiku.web.rest.resources.StatisticsResource
13/03/2015 04:12:27 PM com.sun.jersey.api.core.ScanningResourceConfig init
INFO: No provider classes found.
13/03/2015 04:12:27 PM org.codehaus.enunciate.modules.jersey.EnunciateJerseyServletContainer configure
INFO: org.codehaus.enunciate.modules.amf.JAXRSProvider not found.
13/03/2015 04:12:27 PM com.sun.jersey.spi.spring.container.SpringComponentProviderFactory registerSpringBeans
INFO: Registering Spring bean, datasourceResourceBean, of type org.saiku.web.rest.resources.DataSourceResource as a root resource class
13/03/2015 04:12:27 PM com.sun.jersey.spi.spring.container.SpringComponentProviderFactory registerSpringBeans
INFO: Registering Spring bean, olapDiscoverBean, of type org.saiku.web.rest.resources.OlapDiscoverResource as a root resource class
13/03/2015 04:12:27 PM com.sun.jersey.spi.spring.container.SpringComponentProviderFactory registerSpringBeans
INFO: Registering Spring bean, queryResource, of type org.saiku.web.rest.resources.QueryResource as a root resource class
13/03/2015 04:12:27 PM com.sun.jersey.spi.spring.container.SpringComponentProviderFactory registerSpringBeans
INFO: Registering Spring bean, sessionResource, of type org.saiku.web.rest.resources.SessionResource as a root resource class
13/03/2015 04:12:27 PM com.sun.jersey.spi.spring.container.SpringComponentProviderFactory registerSpringBeans
INFO: Registering Spring bean, repositoryBean, of type org.saiku.web.rest.resources.BasicRepositoryResource as a root resource class
13/03/2015 04:12:27 PM com.sun.jersey.spi.spring.container.SpringComponentProviderFactory registerSpringBeans
INFO: Registering Spring bean, repository2bean, of type org.saiku.web.rest.resources.BasicRepositoryResource2 as a root resource class
13/03/2015 04:12:27 PM com.sun.jersey.spi.spring.container.SpringComponentProviderFactory registerSpringBeans
INFO: Registering Spring bean, tagRepositoryBean, of type org.saiku.web.rest.resources.BasicTagRepositoryResource as a root resource class
13/03/2015 04:12:27 PM com.sun.jersey.spi.spring.container.SpringComponentProviderFactory registerSpringBeans
INFO: Registering Spring bean, exporterBean, of type org.saiku.web.rest.resources.ExporterResource as a root resource class
13/03/2015 04:12:27 PM com.sun.jersey.spi.spring.container.SpringComponentProviderFactory registerSpringBeans
INFO: Registering Spring bean, statsBean, of type org.saiku.web.rest.resources.StatisticsResource as a root resource class
13/03/2015 04:12:27 PM com.sun.jersey.server.impl.application.WebApplicationImpl _initiate
INFO: Initiating Jersey application, version 'Jersey: 1.11 12/09/2011 10:27 AM'
13/03/2015 04:12:28 PM org.apache.coyote.http11.Http11Protocol start
INFO: Arrancando Coyote HTTP/1.1 en puerto http-8080
13/03/2015 04:12:29 PM org.apache.jk.common.ChannelSocket init
INFO: JK: ajp13 listening on /0.0.0.0:8009
13/03/2015 04:12:29 PM org.apache.jk.server.JkMain start
INFO: Jk running ID=0 time=0/45  config=null
13/03/2015 04:12:29 PM org.apache.catalina.startup.Catalina start
INFO: Server startup in 18204 ms
