dic 06, 2016 1:39:32 PM org.apache.catalina.core.AprLifecycleListener init
INFORMACIÓN: La biblioteca nativa de Apache Tomcat basada en ARP que permite un rendimiento óptimo en entornos de desarrollo no ha sido hallada en java.library.path: C:\Archivos de programa\Java\jdk1.8.0_31\bin;C:\WINDOWS\Sun\Java\bin;C:\WINDOWS\system32;C:\WINDOWS;C:\Documents and Settings\All Users\Datos de programa\Oracle\Java\javapath;C:\WINDOWS\system32;C:\WINDOWS;C:\WINDOWS\System32\Wbem;C:\ORANT\BIN;C:\"Archivos de Programa"\PostgreSQL\9.3;C:\Archivos de programa\Microsoft SQL Server\80\Tools\Binn\;C:\WINDOWS\system32\WindowsPowerShell\v1.0;c:\Archivos de programa\Microsoft SQL Server\100\Tools\Binn\;c:\Archivos de programa\Microsoft SQL Server\100\DTS\Binn\;c:\Archivos de programa\Microsoft SQL Server\100\Tools\Binn\VSShell\Common7\IDE\;.
dic 06, 2016 1:40:00 PM org.apache.coyote.http11.Http11Protocol init
INFORMACIÓN: Inicializando Coyote HTTP/1.1 en puerto http-8080
dic 06, 2016 1:40:00 PM org.apache.catalina.startup.Catalina load
INFORMACIÓN: Initialization processed in 26683 ms
dic 06, 2016 1:40:00 PM org.apache.catalina.core.StandardService start
INFORMACIÓN: Arrancando servicio Catalina
dic 06, 2016 1:40:00 PM org.apache.catalina.core.StandardEngine start
INFORMACIÓN: Starting Servlet Engine: Apache Tomcat/6.0.24
dic 06, 2016 1:40:00 PM org.apache.catalina.startup.HostConfig deployDirectory
INFORMACIÓN: Despliegue del directorio ROOT de la aplicación web
dic 06, 2016 1:40:29 PM org.apache.catalina.startup.HostConfig deployDirectory
INFORMACIÓN: Despliegue del directorio saiku de la aplicación web
dic 06, 2016 1:44:10 PM com.sun.jersey.api.core.PackagesResourceConfig init
INFORMACIÓN: Scanning for root resource and provider classes in the packages:
  org.saiku.web
dic 06, 2016 1:44:10 PM com.sun.jersey.api.core.ScanningResourceConfig logClasses
INFORMACIÓN: Root resource classes found:
  class org.saiku.web.rest.resources.StatisticsResource
  class org.saiku.web.rest.resources.BasicRepositoryResource2
  class org.saiku.web.rest.resources.DataSourceResource
  class org.saiku.web.rest.resources.OlapDiscoverResource
  class org.saiku.web.rest.resources.BasicRepositoryResource
  class org.saiku.web.rest.resources.QueryResource
  class org.saiku.web.rest.resources.ExporterResource
  class org.saiku.web.rest.resources.SessionResource
  class org.saiku.web.rest.resources.BasicTagRepositoryResource
dic 06, 2016 1:44:10 PM com.sun.jersey.api.core.ScanningResourceConfig init
INFORMACIÓN: No provider classes found.
dic 06, 2016 1:44:10 PM org.codehaus.enunciate.modules.jersey.EnunciateJerseyServletContainer configure
INFORMACIÓN: org.codehaus.enunciate.modules.amf.JAXRSProvider not found.
dic 06, 2016 1:44:10 PM com.sun.jersey.spi.spring.container.SpringComponentProviderFactory registerSpringBeans
INFORMACIÓN: Registering Spring bean, datasourceResourceBean, of type org.saiku.web.rest.resources.DataSourceResource as a root resource class
dic 06, 2016 1:44:10 PM com.sun.jersey.spi.spring.container.SpringComponentProviderFactory registerSpringBeans
INFORMACIÓN: Registering Spring bean, olapDiscoverBean, of type org.saiku.web.rest.resources.OlapDiscoverResource as a root resource class
dic 06, 2016 1:44:10 PM com.sun.jersey.spi.spring.container.SpringComponentProviderFactory registerSpringBeans
INFORMACIÓN: Registering Spring bean, queryResource, of type org.saiku.web.rest.resources.QueryResource as a root resource class
dic 06, 2016 1:44:10 PM com.sun.jersey.spi.spring.container.SpringComponentProviderFactory registerSpringBeans
INFORMACIÓN: Registering Spring bean, sessionResource, of type org.saiku.web.rest.resources.SessionResource as a root resource class
dic 06, 2016 1:44:10 PM com.sun.jersey.spi.spring.container.SpringComponentProviderFactory registerSpringBeans
INFORMACIÓN: Registering Spring bean, repositoryBean, of type org.saiku.web.rest.resources.BasicRepositoryResource as a root resource class
dic 06, 2016 1:44:10 PM com.sun.jersey.spi.spring.container.SpringComponentProviderFactory registerSpringBeans
INFORMACIÓN: Registering Spring bean, repository2bean, of type org.saiku.web.rest.resources.BasicRepositoryResource2 as a root resource class
dic 06, 2016 1:44:10 PM com.sun.jersey.spi.spring.container.SpringComponentProviderFactory registerSpringBeans
INFORMACIÓN: Registering Spring bean, tagRepositoryBean, of type org.saiku.web.rest.resources.BasicTagRepositoryResource as a root resource class
dic 06, 2016 1:44:10 PM com.sun.jersey.spi.spring.container.SpringComponentProviderFactory registerSpringBeans
INFORMACIÓN: Registering Spring bean, exporterBean, of type org.saiku.web.rest.resources.ExporterResource as a root resource class
dic 06, 2016 1:44:10 PM com.sun.jersey.spi.spring.container.SpringComponentProviderFactory registerSpringBeans
INFORMACIÓN: Registering Spring bean, statsBean, of type org.saiku.web.rest.resources.StatisticsResource as a root resource class
dic 06, 2016 1:44:10 PM com.sun.jersey.server.impl.application.WebApplicationImpl _initiate
INFORMACIÓN: Initiating Jersey application, version 'Jersey: 1.11 12/09/2011 10:27 AM'
dic 06, 2016 1:44:11 PM org.apache.coyote.http11.Http11Protocol start
INFORMACIÓN: Arrancando Coyote HTTP/1.1 en puerto http-8080
dic 06, 2016 1:44:11 PM org.apache.jk.common.ChannelSocket init
INFORMACIÓN: JK: ajp13 listening on /0.0.0.0:8009
dic 06, 2016 1:44:12 PM org.apache.jk.server.JkMain start
INFORMACIÓN: Jk running ID=0 time=0/23  config=null
dic 06, 2016 1:44:12 PM org.apache.catalina.startup.Catalina start
INFORMACIÓN: Server startup in 254461 ms
dic 06, 2016 2:32:25 PM org.apache.coyote.http11.Http11Protocol pause
INFORMACIÓN: Pausando Coyote HTTP/1.1 en puerto http-8080
dic 06, 2016 2:32:26 PM org.apache.catalina.core.StandardService stop
INFORMACIÓN: Parando servicio Catalina
dic 06, 2016 2:32:26 PM org.apache.catalina.loader.WebappClassLoader clearReferencesJdbc
GRAVE: A web application registered the JBDC driver [com.mysql.jdbc.Driver] but failed to unregister it when the web application was stopped. To prevent a memory leak, the JDBC Driver has been forcibly unregistered.
dic 06, 2016 2:32:26 PM org.apache.catalina.loader.WebappClassLoader clearReferencesJdbc
GRAVE: A web application registered the JBDC driver [org.olap4j.driver.xmla.XmlaOlap4jDriver] but failed to unregister it when the web application was stopped. To prevent a memory leak, the JDBC Driver has been forcibly unregistered.
dic 06, 2016 2:32:26 PM org.apache.catalina.loader.WebappClassLoader clearReferencesJdbc
GRAVE: A web application registered the JBDC driver [mondrian.olap4j.MondrianOlap4jDriver] but failed to unregister it when the web application was stopped. To prevent a memory leak, the JDBC Driver has been forcibly unregistered.
dic 06, 2016 2:32:26 PM org.apache.catalina.loader.WebappClassLoader clearReferencesJdbc
GRAVE: A web application registered the JBDC driver [org.hsqldb.jdbcDriver] but failed to unregister it when the web application was stopped. To prevent a memory leak, the JDBC Driver has been forcibly unregistered.
dic 06, 2016 2:32:26 PM org.apache.catalina.loader.WebappClassLoader clearReferencesThreads
GRAVE: A web application appears to have started a thread named [org.apache.commons.vfs.cache.SoftRefFilesCache$SoftRefReleaseThread] but has failed to stop it. This is very likely to create a memory leak.
dic 06, 2016 2:32:26 PM org.apache.catalina.loader.WebappClassLoader clearReferencesThreads
GRAVE: A web application appears to have started a thread named [Mondrian Monitor] but has failed to stop it. This is very likely to create a memory leak.
dic 06, 2016 2:32:26 PM org.apache.catalina.loader.WebappClassLoader clearReferencesThreads
GRAVE: A web application appears to have started a thread named [mondrian.rolap.agg.SegmentCacheManager$ACTOR] but has failed to stop it. This is very likely to create a memory leak.
dic 06, 2016 2:32:26 PM org.apache.catalina.loader.WebappClassLoader clearReferencesThreads
GRAVE: A web application appears to have started a thread named [mondrian.rolap.RolapResultShepherd#timer] but has failed to stop it. This is very likely to create a memory leak.
dic 06, 2016 2:32:26 PM org.apache.catalina.loader.WebappClassLoader clearReferencesThreads
GRAVE: A web application appears to have started a thread named [Timer-0] but has failed to stop it. This is very likely to create a memory leak.
dic 06, 2016 2:32:26 PM org.apache.catalina.loader.WebappClassLoader clearReferencesThreads
GRAVE: A web application appears to have started a thread named [mondrian.util.ExpiringReference$timer] but has failed to stop it. This is very likely to create a memory leak.
dic 06, 2016 2:32:26 PM org.apache.catalina.loader.WebappClassLoader clearThreadLocalMap
GRAVE: A web application created a ThreadLocal with key of type [org.springframework.core.NamedThreadLocal] (value [Name of currently proxied bean]) and a value of type [null] (value [null]) but failed to remove it when the web application was stopped. To prevent a memory leak, the ThreadLocal has been forcibly removed.
dic 06, 2016 2:32:26 PM org.apache.catalina.loader.WebappClassLoader clearThreadLocalMap
GRAVE: A web application created a ThreadLocal with key of type [java.lang.ThreadLocal] (value [java.lang.ThreadLocal@a6a68e]) and a value of type [org.apache.commons.vfs.provider.FileContentThreadData] (value [org.apache.commons.vfs.provider.FileContentThreadData@143a322]) but failed to remove it when the web application was stopped. To prevent a memory leak, the ThreadLocal has been forcibly removed.
dic 06, 2016 2:32:26 PM org.apache.catalina.loader.WebappClassLoader clearThreadLocalMap
GRAVE: A web application created a ThreadLocal with key of type [null] (value [mondrian.server.Locus$1@1316f3a]) and a value of type [java.util.Stack] (value [[]]) but failed to remove it when the web application was stopped. To prevent a memory leak, the ThreadLocal has been forcibly removed.
dic 06, 2016 2:32:26 PM org.apache.catalina.loader.WebappClassLoader clearThreadLocalMap
GRAVE: A web application created a ThreadLocal with key of type [java.lang.ThreadLocal] (value [java.lang.ThreadLocal@1d7219]) and a value of type [org.apache.commons.vfs.provider.FileContentThreadData] (value [org.apache.commons.vfs.provider.FileContentThreadData@1fe3142]) but failed to remove it when the web application was stopped. To prevent a memory leak, the ThreadLocal has been forcibly removed.
dic 06, 2016 2:32:26 PM org.apache.catalina.loader.WebappClassLoader clearThreadLocalMap
GRAVE: A web application created a ThreadLocal with key of type [java.lang.ThreadLocal] (value [java.lang.ThreadLocal@1fed1ec]) and a value of type [org.apache.commons.vfs.provider.FileContentThreadData] (value [org.apache.commons.vfs.provider.FileContentThreadData@1c42416]) but failed to remove it when the web application was stopped. To prevent a memory leak, the ThreadLocal has been forcibly removed.
dic 06, 2016 2:32:26 PM org.apache.catalina.loader.WebappClassLoader clearThreadLocalMap
GRAVE: A web application created a ThreadLocal with key of type [org.springframework.core.NamedThreadLocal] (value [Prototype beans currently in creation]) and a value of type [null] (value [null]) but failed to remove it when the web application was stopped. To prevent a memory leak, the ThreadLocal has been forcibly removed.
dic 06, 2016 2:32:26 PM org.apache.catalina.loader.WebappClassLoader clearThreadLocalMap
GRAVE: A web application created a ThreadLocal with key of type [null] (value [com.sun.xml.bind.v2.ClassFactory$1@9a1f8d]) and a value of type [java.util.WeakHashMap] (value [{class javax.xml.bind.annotation.W3CDomHandler=java.lang.ref.WeakReference@565cbd}]) but failed to remove it when the web application was stopped. To prevent a memory leak, the ThreadLocal has been forcibly removed.
dic 06, 2016 2:32:26 PM org.apache.catalina.loader.WebappClassLoader clearThreadLocalMap
GRAVE: A web application created a ThreadLocal with key of type [null] (value [mondrian.server.Locus$1@1316f3a]) and a value of type [java.util.Stack] (value [[]]) but failed to remove it when the web application was stopped. To prevent a memory leak, the ThreadLocal has been forcibly removed.
dic 06, 2016 2:32:26 PM org.apache.catalina.loader.WebappClassLoader clearThreadLocalMap
GRAVE: A web application created a ThreadLocal with key of type [null] (value [mondrian.rolap.RolapStar$1@1c29daa]) and a value of type [mondrian.rolap.RolapStar.Bar] (value [mondrian.rolap.RolapStar$Bar@169ea63]) but failed to remove it when the web application was stopped. To prevent a memory leak, the ThreadLocal has been forcibly removed.
dic 06, 2016 2:32:26 PM org.apache.catalina.loader.WebappClassLoader clearThreadLocalMap
GRAVE: A web application created a ThreadLocal with key of type [null] (value [mondrian.rolap.RolapStar$1@bd06a9]) and a value of type [mondrian.rolap.RolapStar.Bar] (value [mondrian.rolap.RolapStar$Bar@c587de]) but failed to remove it when the web application was stopped. To prevent a memory leak, the ThreadLocal has been forcibly removed.
dic 06, 2016 2:32:26 PM org.apache.catalina.loader.WebappClassLoader clearThreadLocalMap
GRAVE: A web application created a ThreadLocal with key of type [org.apache.log4j.helpers.ThreadLocalMap] (value [org.apache.log4j.helpers.ThreadLocalMap@db8504]) and a value of type [null] (value [null]) but failed to remove it when the web application was stopped. To prevent a memory leak, the ThreadLocal has been forcibly removed.
dic 06, 2016 2:32:26 PM org.apache.catalina.loader.WebappClassLoader clearThreadLocalMap
GRAVE: A web application created a ThreadLocal with key of type [null] (value [mondrian.server.Locus$1@1316f3a]) and a value of type [java.util.Stack] (value [[]]) but failed to remove it when the web application was stopped. To prevent a memory leak, the ThreadLocal has been forcibly removed.
dic 06, 2016 2:32:26 PM org.apache.catalina.loader.WebappClassLoader clearThreadLocalMap
GRAVE: A web application created a ThreadLocal with key of type [org.springframework.core.NamedThreadLocal] (value [Locale context]) and a value of type [null] (value [null]) but failed to remove it when the web application was stopped. To prevent a memory leak, the ThreadLocal has been forcibly removed.
dic 06, 2016 2:32:26 PM org.apache.catalina.loader.WebappClassLoader clearThreadLocalMap
GRAVE: A web application created a ThreadLocal with key of type [org.springframework.core.NamedThreadLocal] (value [Request attributes]) and a value of type [null] (value [null]) but failed to remove it when the web application was stopped. To prevent a memory leak, the ThreadLocal has been forcibly removed.
dic 06, 2016 2:32:26 PM org.apache.catalina.loader.WebappClassLoader clearThreadLocalMap
GRAVE: A web application created a ThreadLocal with key of type [org.springframework.core.NamedInheritableThreadLocal] (value [Locale context]) and a value of type [null] (value [null]) but failed to remove it when the web application was stopped. To prevent a memory leak, the ThreadLocal has been forcibly removed.
dic 06, 2016 2:32:26 PM org.apache.catalina.loader.WebappClassLoader clearThreadLocalMap
GRAVE: A web application created a ThreadLocal with key of type [org.springframework.core.NamedInheritableThreadLocal] (value [Request context]) and a value of type [null] (value [null]) but failed to remove it when the web application was stopped. To prevent a memory leak, the ThreadLocal has been forcibly removed.
dic 06, 2016 2:32:26 PM org.apache.catalina.loader.WebappClassLoader clearThreadLocalMap
GRAVE: A web application created a ThreadLocal with key of type [null] (value [mondrian.server.Locus$1@1316f3a]) and a value of type [java.util.Stack] (value [[]]) but failed to remove it when the web application was stopped. To prevent a memory leak, the ThreadLocal has been forcibly removed.
dic 06, 2016 2:32:26 PM org.apache.catalina.loader.WebappClassLoader clearThreadLocalMap
GRAVE: A web application created a ThreadLocal with key of type [org.springframework.core.NamedThreadLocal] (value [Locale context]) and a value of type [null] (value [null]) but failed to remove it when the web application was stopped. To prevent a memory leak, the ThreadLocal has been forcibly removed.
dic 06, 2016 2:32:26 PM org.apache.catalina.loader.WebappClassLoader clearThreadLocalMap
GRAVE: A web application created a ThreadLocal with key of type [org.springframework.core.NamedThreadLocal] (value [Request attributes]) and a value of type [null] (value [null]) but failed to remove it when the web application was stopped. To prevent a memory leak, the ThreadLocal has been forcibly removed.
dic 06, 2016 2:32:26 PM org.apache.catalina.loader.WebappClassLoader clearThreadLocalMap
GRAVE: A web application created a ThreadLocal with key of type [org.springframework.core.NamedInheritableThreadLocal] (value [Locale context]) and a value of type [null] (value [null]) but failed to remove it when the web application was stopped. To prevent a memory leak, the ThreadLocal has been forcibly removed.
dic 06, 2016 2:32:26 PM org.apache.catalina.loader.WebappClassLoader clearThreadLocalMap
GRAVE: A web application created a ThreadLocal with key of type [org.springframework.core.NamedInheritableThreadLocal] (value [Request context]) and a value of type [null] (value [null]) but failed to remove it when the web application was stopped. To prevent a memory leak, the ThreadLocal has been forcibly removed.
dic 06, 2016 2:32:26 PM org.apache.catalina.loader.WebappClassLoader clearThreadLocalMap
GRAVE: A web application created a ThreadLocal with key of type [null] (value [mondrian.server.Locus$1@1316f3a]) and a value of type [java.util.Stack] (value [[]]) but failed to remove it when the web application was stopped. To prevent a memory leak, the ThreadLocal has been forcibly removed.
dic 06, 2016 2:32:26 PM org.apache.catalina.loader.WebappClassLoader clearThreadLocalMap
GRAVE: A web application created a ThreadLocal with key of type [org.springframework.core.NamedThreadLocal] (value [Locale context]) and a value of type [null] (value [null]) but failed to remove it when the web application was stopped. To prevent a memory leak, the ThreadLocal has been forcibly removed.
dic 06, 2016 2:32:26 PM org.apache.catalina.loader.WebappClassLoader clearThreadLocalMap
GRAVE: A web application created a ThreadLocal with key of type [org.springframework.core.NamedThreadLocal] (value [Request attributes]) and a value of type [null] (value [null]) but failed to remove it when the web application was stopped. To prevent a memory leak, the ThreadLocal has been forcibly removed.
dic 06, 2016 2:32:26 PM org.apache.catalina.loader.WebappClassLoader clearThreadLocalMap
GRAVE: A web application created a ThreadLocal with key of type [org.springframework.core.NamedInheritableThreadLocal] (value [Locale context]) and a value of type [null] (value [null]) but failed to remove it when the web application was stopped. To prevent a memory leak, the ThreadLocal has been forcibly removed.
dic 06, 2016 2:32:26 PM org.apache.catalina.loader.WebappClassLoader clearThreadLocalMap
GRAVE: A web application created a ThreadLocal with key of type [org.springframework.core.NamedInheritableThreadLocal] (value [Request context]) and a value of type [null] (value [null]) but failed to remove it when the web application was stopped. To prevent a memory leak, the ThreadLocal has been forcibly removed.
dic 06, 2016 2:32:26 PM org.apache.catalina.loader.WebappClassLoader clearThreadLocalMap
GRAVE: A web application created a ThreadLocal with key of type [org.apache.log4j.helpers.ThreadLocalMap] (value [org.apache.log4j.helpers.ThreadLocalMap@db8504]) and a value of type [null] (value [null]) but failed to remove it when the web application was stopped. To prevent a memory leak, the ThreadLocal has been forcibly removed.
dic 06, 2016 2:32:26 PM org.apache.catalina.loader.WebappClassLoader clearThreadLocalMap
GRAVE: A web application created a ThreadLocal with key of type [org.springframework.core.NamedThreadLocal] (value [Name of currently proxied bean]) and a value of type [null] (value [null]) but failed to remove it when the web application was stopped. To prevent a memory leak, the ThreadLocal has been forcibly removed.
dic 06, 2016 2:32:26 PM org.apache.catalina.loader.WebappClassLoader clearThreadLocalMap
GRAVE: A web application created a ThreadLocal with key of type [null] (value [mondrian.server.Locus$1@1316f3a]) and a value of type [java.util.Stack] (value [[]]) but failed to remove it when the web application was stopped. To prevent a memory leak, the ThreadLocal has been forcibly removed.
dic 06, 2016 2:32:26 PM org.apache.catalina.loader.WebappClassLoader clearThreadLocalMap
GRAVE: A web application created a ThreadLocal with key of type [org.springframework.core.NamedThreadLocal] (value [Locale context]) and a value of type [null] (value [null]) but failed to remove it when the web application was stopped. To prevent a memory leak, the ThreadLocal has been forcibly removed.
dic 06, 2016 2:32:26 PM org.apache.catalina.loader.WebappClassLoader clearThreadLocalMap
GRAVE: A web application created a ThreadLocal with key of type [org.springframework.core.NamedThreadLocal] (value [Request attributes]) and a value of type [null] (value [null]) but failed to remove it when the web application was stopped. To prevent a memory leak, the ThreadLocal has been forcibly removed.
dic 06, 2016 2:32:26 PM org.apache.catalina.loader.WebappClassLoader clearThreadLocalMap
GRAVE: A web application created a ThreadLocal with key of type [org.springframework.core.NamedInheritableThreadLocal] (value [Locale context]) and a value of type [null] (value [null]) but failed to remove it when the web application was stopped. To prevent a memory leak, the ThreadLocal has been forcibly removed.
dic 06, 2016 2:32:26 PM org.apache.catalina.loader.WebappClassLoader clearThreadLocalMap
GRAVE: A web application created a ThreadLocal with key of type [org.springframework.core.NamedInheritableThreadLocal] (value [Request context]) and a value of type [null] (value [null]) but failed to remove it when the web application was stopped. To prevent a memory leak, the ThreadLocal has been forcibly removed.
dic 06, 2016 2:32:26 PM org.apache.catalina.loader.WebappClassLoader clearThreadLocalMap
GRAVE: A web application created a ThreadLocal with key of type [org.apache.log4j.helpers.ThreadLocalMap] (value [org.apache.log4j.helpers.ThreadLocalMap@db8504]) and a value of type [null] (value [null]) but failed to remove it when the web application was stopped. To prevent a memory leak, the ThreadLocal has been forcibly removed.
dic 06, 2016 2:32:26 PM org.apache.catalina.loader.WebappClassLoader clearThreadLocalMap
GRAVE: A web application created a ThreadLocal with key of type [null] (value [mondrian.server.Locus$1@1316f3a]) and a value of type [java.util.Stack] (value [[]]) but failed to remove it when the web application was stopped. To prevent a memory leak, the ThreadLocal has been forcibly removed.
dic 06, 2016 2:32:26 PM org.apache.catalina.loader.WebappClassLoader clearThreadLocalMap
GRAVE: A web application created a ThreadLocal with key of type [org.springframework.core.NamedThreadLocal] (value [Locale context]) and a value of type [null] (value [null]) but failed to remove it when the web application was stopped. To prevent a memory leak, the ThreadLocal has been forcibly removed.
dic 06, 2016 2:32:26 PM org.apache.catalina.loader.WebappClassLoader clearThreadLocalMap
GRAVE: A web application created a ThreadLocal with key of type [java.lang.ThreadLocal] (value [java.lang.ThreadLocal@1fed1ec]) and a value of type [org.apache.commons.vfs.provider.FileContentThreadData] (value [org.apache.commons.vfs.provider.FileContentThreadData@358c32]) but failed to remove it when the web application was stopped. To prevent a memory leak, the ThreadLocal has been forcibly removed.
dic 06, 2016 2:32:26 PM org.apache.catalina.loader.WebappClassLoader clearThreadLocalMap
GRAVE: A web application created a ThreadLocal with key of type [org.springframework.core.NamedThreadLocal] (value [Request attributes]) and a value of type [null] (value [null]) but failed to remove it when the web application was stopped. To prevent a memory leak, the ThreadLocal has been forcibly removed.
dic 06, 2016 2:32:26 PM org.apache.catalina.loader.WebappClassLoader clearThreadLocalMap
GRAVE: A web application created a ThreadLocal with key of type [org.springframework.core.NamedInheritableThreadLocal] (value [Locale context]) and a value of type [null] (value [null]) but failed to remove it when the web application was stopped. To prevent a memory leak, the ThreadLocal has been forcibly removed.
dic 06, 2016 2:32:26 PM org.apache.catalina.loader.WebappClassLoader clearThreadLocalMap
GRAVE: A web application created a ThreadLocal with key of type [org.springframework.core.NamedInheritableThreadLocal] (value [Request context]) and a value of type [null] (value [null]) but failed to remove it when the web application was stopped. To prevent a memory leak, the ThreadLocal has been forcibly removed.
dic 06, 2016 2:32:26 PM org.apache.catalina.loader.WebappClassLoader clearThreadLocalMap
GRAVE: A web application created a ThreadLocal with key of type [org.apache.log4j.helpers.ThreadLocalMap] (value [org.apache.log4j.helpers.ThreadLocalMap@db8504]) and a value of type [null] (value [null]) but failed to remove it when the web application was stopped. To prevent a memory leak, the ThreadLocal has been forcibly removed.
dic 06, 2016 2:32:26 PM org.apache.catalina.loader.WebappClassLoader clearThreadLocalMap
GRAVE: A web application created a ThreadLocal with key of type [null] (value [mondrian.server.Locus$1@1316f3a]) and a value of type [java.util.Stack] (value [[]]) but failed to remove it when the web application was stopped. To prevent a memory leak, the ThreadLocal has been forcibly removed.
dic 06, 2016 2:32:26 PM org.apache.catalina.loader.WebappClassLoader clearThreadLocalMap
GRAVE: A web application created a ThreadLocal with key of type [org.springframework.core.NamedThreadLocal] (value [Locale context]) and a value of type [null] (value [null]) but failed to remove it when the web application was stopped. To prevent a memory leak, the ThreadLocal has been forcibly removed.
dic 06, 2016 2:32:26 PM org.apache.catalina.loader.WebappClassLoader clearThreadLocalMap
GRAVE: A web application created a ThreadLocal with key of type [org.springframework.core.NamedThreadLocal] (value [Request attributes]) and a value of type [null] (value [null]) but failed to remove it when the web application was stopped. To prevent a memory leak, the ThreadLocal has been forcibly removed.
dic 06, 2016 2:32:26 PM org.apache.catalina.loader.WebappClassLoader clearThreadLocalMap
GRAVE: A web application created a ThreadLocal with key of type [org.springframework.core.NamedInheritableThreadLocal] (value [Locale context]) and a value of type [null] (value [null]) but failed to remove it when the web application was stopped. To prevent a memory leak, the ThreadLocal has been forcibly removed.
dic 06, 2016 2:32:26 PM org.apache.catalina.loader.WebappClassLoader clearThreadLocalMap
GRAVE: A web application created a ThreadLocal with key of type [org.springframework.core.NamedInheritableThreadLocal] (value [Request context]) and a value of type [null] (value [null]) but failed to remove it when the web application was stopped. To prevent a memory leak, the ThreadLocal has been forcibly removed.
dic 06, 2016 2:32:26 PM org.apache.catalina.loader.WebappClassLoader clearThreadLocalMap
GRAVE: A web application created a ThreadLocal with key of type [null] (value [mondrian.server.Locus$1@1316f3a]) and a value of type [java.util.Stack] (value [[]]) but failed to remove it when the web application was stopped. To prevent a memory leak, the ThreadLocal has been forcibly removed.
dic 06, 2016 2:32:26 PM org.apache.catalina.loader.WebappClassLoader clearThreadLocalMap
GRAVE: A web application created a ThreadLocal with key of type [org.springframework.core.NamedThreadLocal] (value [Locale context]) and a value of type [null] (value [null]) but failed to remove it when the web application was stopped. To prevent a memory leak, the ThreadLocal has been forcibly removed.
dic 06, 2016 2:32:26 PM org.apache.catalina.loader.WebappClassLoader clearThreadLocalMap
GRAVE: A web application created a ThreadLocal with key of type [org.springframework.core.NamedThreadLocal] (value [Request attributes]) and a value of type [null] (value [null]) but failed to remove it when the web application was stopped. To prevent a memory leak, the ThreadLocal has been forcibly removed.
dic 06, 2016 2:32:26 PM org.apache.catalina.loader.WebappClassLoader clearThreadLocalMap
GRAVE: A web application created a ThreadLocal with key of type [org.springframework.core.NamedInheritableThreadLocal] (value [Locale context]) and a value of type [null] (value [null]) but failed to remove it when the web application was stopped. To prevent a memory leak, the ThreadLocal has been forcibly removed.
dic 06, 2016 2:32:26 PM org.apache.catalina.loader.WebappClassLoader clearThreadLocalMap
GRAVE: A web application created a ThreadLocal with key of type [org.springframework.core.NamedInheritableThreadLocal] (value [Request context]) and a value of type [null] (value [null]) but failed to remove it when the web application was stopped. To prevent a memory leak, the ThreadLocal has been forcibly removed.
dic 06, 2016 2:32:26 PM org.apache.catalina.loader.WebappClassLoader clearThreadLocalMap
GRAVE: A web application created a ThreadLocal with key of type [null] (value [mondrian.server.Locus$1@1316f3a]) and a value of type [java.util.Stack] (value [[]]) but failed to remove it when the web application was stopped. To prevent a memory leak, the ThreadLocal has been forcibly removed.
dic 06, 2016 2:32:26 PM org.apache.catalina.loader.WebappClassLoader clearThreadLocalMap
GRAVE: A web application created a ThreadLocal with key of type [org.springframework.core.NamedThreadLocal] (value [Locale context]) and a value of type [null] (value [null]) but failed to remove it when the web application was stopped. To prevent a memory leak, the ThreadLocal has been forcibly removed.
dic 06, 2016 2:32:26 PM org.apache.catalina.loader.WebappClassLoader clearThreadLocalMap
GRAVE: A web application created a ThreadLocal with key of type [org.springframework.core.NamedThreadLocal] (value [Request attributes]) and a value of type [null] (value [null]) but failed to remove it when the web application was stopped. To prevent a memory leak, the ThreadLocal has been forcibly removed.
dic 06, 2016 2:32:26 PM org.apache.catalina.loader.WebappClassLoader clearThreadLocalMap
GRAVE: A web application created a ThreadLocal with key of type [org.springframework.core.NamedInheritableThreadLocal] (value [Locale context]) and a value of type [null] (value [null]) but failed to remove it when the web application was stopped. To prevent a memory leak, the ThreadLocal has been forcibly removed.
dic 06, 2016 2:32:26 PM org.apache.catalina.loader.WebappClassLoader clearThreadLocalMap
GRAVE: A web application created a ThreadLocal with key of type [org.springframework.core.NamedInheritableThreadLocal] (value [Request context]) and a value of type [null] (value [null]) but failed to remove it when the web application was stopped. To prevent a memory leak, the ThreadLocal has been forcibly removed.
dic 06, 2016 2:32:27 PM org.apache.coyote.http11.Http11Protocol destroy
INFORMACIÓN: Parando Coyote HTTP/1.1 en puerto http-8080
