22/01/2016 08:14:53 AM org.apache.catalina.core.ApplicationContext log
INFO: Initializing Spring root WebApplicationContext
22/01/2016 10:06:44 AM org.apache.catalina.session.StandardSession writeObject
ADVERTENCIA: No puedo serializar atributo de sesión olapDiscoverBean para sesión 7B8611E75DEBCB7D9DAF2F637BE2C4B6
java.io.NotSerializableException: org.saiku.datasources.connection.SaikuOlapConnection
	at java.io.ObjectOutputStream.writeObject0(ObjectOutputStream.java:1183)
	at java.io.ObjectOutputStream.writeObject(ObjectOutputStream.java:347)
	at java.util.HashMap.writeObject(HashMap.java:1018)
	at sun.reflect.NativeMethodAccessorImpl.invoke0(Native Method)
	at sun.reflect.NativeMethodAccessorImpl.invoke(NativeMethodAccessorImpl.java:57)
	at sun.reflect.DelegatingMethodAccessorImpl.invoke(DelegatingMethodAccessorImpl.java:43)
	at java.lang.reflect.Method.invoke(Method.java:622)
	at java.io.ObjectStreamClass.invokeWriteObject(ObjectStreamClass.java:972)
	at java.io.ObjectOutputStream.writeSerialData(ObjectOutputStream.java:1495)
	at java.io.ObjectOutputStream.writeOrdinaryObject(ObjectOutputStream.java:1431)
	at java.io.ObjectOutputStream.writeObject0(ObjectOutputStream.java:1177)
	at java.io.ObjectOutputStream.defaultWriteFields(ObjectOutputStream.java:1547)
	at java.io.ObjectOutputStream.writeSerialData(ObjectOutputStream.java:1508)
	at java.io.ObjectOutputStream.writeOrdinaryObject(ObjectOutputStream.java:1431)
	at java.io.ObjectOutputStream.writeObject0(ObjectOutputStream.java:1177)
	at java.io.ObjectOutputStream.defaultWriteFields(ObjectOutputStream.java:1547)
	at java.io.ObjectOutputStream.writeSerialData(ObjectOutputStream.java:1508)
	at java.io.ObjectOutputStream.writeOrdinaryObject(ObjectOutputStream.java:1431)
	at java.io.ObjectOutputStream.writeObject0(ObjectOutputStream.java:1177)
	at java.io.ObjectOutputStream.defaultWriteFields(ObjectOutputStream.java:1547)
	at java.io.ObjectOutputStream.writeSerialData(ObjectOutputStream.java:1508)
	at java.io.ObjectOutputStream.writeOrdinaryObject(ObjectOutputStream.java:1431)
	at java.io.ObjectOutputStream.writeObject0(ObjectOutputStream.java:1177)
	at java.io.ObjectOutputStream.defaultWriteFields(ObjectOutputStream.java:1547)
	at java.io.ObjectOutputStream.writeSerialData(ObjectOutputStream.java:1508)
	at java.io.ObjectOutputStream.writeOrdinaryObject(ObjectOutputStream.java:1431)
	at java.io.ObjectOutputStream.writeObject0(ObjectOutputStream.java:1177)
	at java.io.ObjectOutputStream.writeObject(ObjectOutputStream.java:347)
	at org.apache.catalina.session.StandardSession.writeObject(StandardSession.java:1546)
	at org.apache.catalina.session.StandardSession.writeObjectData(StandardSession.java:989)
	at org.apache.catalina.session.StandardManager.doUnload(StandardManager.java:517)
	at org.apache.catalina.session.StandardManager.unload(StandardManager.java:463)
	at org.apache.catalina.session.StandardManager.stop(StandardManager.java:667)
	at org.apache.catalina.core.StandardContext.stop(StandardContext.java:4611)
	at org.apache.catalina.core.ContainerBase.removeChild(ContainerBase.java:924)
	at org.apache.catalina.startup.HostConfig.undeployApps(HostConfig.java:1319)
	at org.apache.catalina.startup.HostConfig.stop(HostConfig.java:1290)
	at org.apache.catalina.startup.HostConfig.lifecycleEvent(HostConfig.java:323)
	at org.apache.catalina.util.LifecycleSupport.fireLifecycleEvent(LifecycleSupport.java:119)
	at org.apache.catalina.core.ContainerBase.stop(ContainerBase.java:1086)
	at org.apache.catalina.core.ContainerBase.stop(ContainerBase.java:1098)
	at org.apache.catalina.core.StandardEngine.stop(StandardEngine.java:448)
	at org.apache.catalina.core.StandardService.stop(StandardService.java:584)
	at org.apache.catalina.core.StandardServer.stop(StandardServer.java:744)
	at org.apache.catalina.startup.Catalina.stop(Catalina.java:643)
	at org.apache.catalina.startup.Catalina.start(Catalina.java:618)
	at sun.reflect.NativeMethodAccessorImpl.invoke0(Native Method)
	at sun.reflect.NativeMethodAccessorImpl.invoke(NativeMethodAccessorImpl.java:57)
	at sun.reflect.DelegatingMethodAccessorImpl.invoke(DelegatingMethodAccessorImpl.java:43)
	at java.lang.reflect.Method.invoke(Method.java:622)
	at org.apache.catalina.startup.Bootstrap.start(Bootstrap.java:289)
	at org.apache.catalina.startup.Bootstrap.main(Bootstrap.java:414)
22/01/2016 10:06:44 AM org.apache.catalina.session.StandardSession writeObject
ADVERTENCIA: No puedo serializar atributo de sesión olapQueryBean para sesión 7B8611E75DEBCB7D9DAF2F637BE2C4B6
java.io.NotSerializableException: org.saiku.datasources.connection.SaikuOlapConnection
	at java.io.ObjectOutputStream.writeObject0(ObjectOutputStream.java:1183)
	at java.io.ObjectOutputStream.writeObject(ObjectOutputStream.java:347)
	at java.util.HashMap.writeObject(HashMap.java:1018)
	at sun.reflect.NativeMethodAccessorImpl.invoke0(Native Method)
	at sun.reflect.NativeMethodAccessorImpl.invoke(NativeMethodAccessorImpl.java:57)
	at sun.reflect.DelegatingMethodAccessorImpl.invoke(DelegatingMethodAccessorImpl.java:43)
	at java.lang.reflect.Method.invoke(Method.java:622)
	at java.io.ObjectStreamClass.invokeWriteObject(ObjectStreamClass.java:972)
	at java.io.ObjectOutputStream.writeSerialData(ObjectOutputStream.java:1495)
	at java.io.ObjectOutputStream.writeOrdinaryObject(ObjectOutputStream.java:1431)
	at java.io.ObjectOutputStream.writeObject0(ObjectOutputStream.java:1177)
	at java.io.ObjectOutputStream.defaultWriteFields(ObjectOutputStream.java:1547)
	at java.io.ObjectOutputStream.writeSerialData(ObjectOutputStream.java:1508)
	at java.io.ObjectOutputStream.writeOrdinaryObject(ObjectOutputStream.java:1431)
	at java.io.ObjectOutputStream.writeObject0(ObjectOutputStream.java:1177)
	at java.io.ObjectOutputStream.defaultWriteFields(ObjectOutputStream.java:1547)
	at java.io.ObjectOutputStream.writeSerialData(ObjectOutputStream.java:1508)
	at java.io.ObjectOutputStream.writeOrdinaryObject(ObjectOutputStream.java:1431)
	at java.io.ObjectOutputStream.writeObject0(ObjectOutputStream.java:1177)
	at java.io.ObjectOutputStream.defaultWriteFields(ObjectOutputStream.java:1547)
	at java.io.ObjectOutputStream.writeSerialData(ObjectOutputStream.java:1508)
	at java.io.ObjectOutputStream.writeOrdinaryObject(ObjectOutputStream.java:1431)
	at java.io.ObjectOutputStream.writeObject0(ObjectOutputStream.java:1177)
	at java.io.ObjectOutputStream.defaultWriteFields(ObjectOutputStream.java:1547)
	at java.io.ObjectOutputStream.writeSerialData(ObjectOutputStream.java:1508)
	at java.io.ObjectOutputStream.writeOrdinaryObject(ObjectOutputStream.java:1431)
	at java.io.ObjectOutputStream.writeObject0(ObjectOutputStream.java:1177)
	at java.io.ObjectOutputStream.writeObject(ObjectOutputStream.java:347)
	at org.apache.catalina.session.StandardSession.writeObject(StandardSession.java:1546)
	at org.apache.catalina.session.StandardSession.writeObjectData(StandardSession.java:989)
	at org.apache.catalina.session.StandardManager.doUnload(StandardManager.java:517)
	at org.apache.catalina.session.StandardManager.unload(StandardManager.java:463)
	at org.apache.catalina.session.StandardManager.stop(StandardManager.java:667)
	at org.apache.catalina.core.StandardContext.stop(StandardContext.java:4611)
	at org.apache.catalina.core.ContainerBase.removeChild(ContainerBase.java:924)
	at org.apache.catalina.startup.HostConfig.undeployApps(HostConfig.java:1319)
	at org.apache.catalina.startup.HostConfig.stop(HostConfig.java:1290)
	at org.apache.catalina.startup.HostConfig.lifecycleEvent(HostConfig.java:323)
	at org.apache.catalina.util.LifecycleSupport.fireLifecycleEvent(LifecycleSupport.java:119)
	at org.apache.catalina.core.ContainerBase.stop(ContainerBase.java:1086)
	at org.apache.catalina.core.ContainerBase.stop(ContainerBase.java:1098)
	at org.apache.catalina.core.StandardEngine.stop(StandardEngine.java:448)
	at org.apache.catalina.core.StandardService.stop(StandardService.java:584)
	at org.apache.catalina.core.StandardServer.stop(StandardServer.java:744)
	at org.apache.catalina.startup.Catalina.stop(Catalina.java:643)
	at org.apache.catalina.startup.Catalina.start(Catalina.java:618)
	at sun.reflect.NativeMethodAccessorImpl.invoke0(Native Method)
	at sun.reflect.NativeMethodAccessorImpl.invoke(NativeMethodAccessorImpl.java:57)
	at sun.reflect.DelegatingMethodAccessorImpl.invoke(DelegatingMethodAccessorImpl.java:43)
	at java.lang.reflect.Method.invoke(Method.java:622)
	at org.apache.catalina.startup.Bootstrap.start(Bootstrap.java:289)
	at org.apache.catalina.startup.Bootstrap.main(Bootstrap.java:414)
22/01/2016 10:06:44 AM org.apache.catalina.session.StandardSession writeObject
ADVERTENCIA: No puedo serializar atributo de sesión org.springframework.web.context.request.ServletRequestAttributes.DESTRUCTION_CALLBACK.olapQueryBean para sesión 7B8611E75DEBCB7D9DAF2F637BE2C4B6
java.io.NotSerializableException: org.saiku.datasources.connection.SaikuOlapConnection
	at java.io.ObjectOutputStream.writeObject0(ObjectOutputStream.java:1183)
	at java.io.ObjectOutputStream.writeObject(ObjectOutputStream.java:347)
	at java.util.HashMap.writeObject(HashMap.java:1018)
	at sun.reflect.NativeMethodAccessorImpl.invoke0(Native Method)
	at sun.reflect.NativeMethodAccessorImpl.invoke(NativeMethodAccessorImpl.java:57)
	at sun.reflect.DelegatingMethodAccessorImpl.invoke(DelegatingMethodAccessorImpl.java:43)
	at java.lang.reflect.Method.invoke(Method.java:622)
	at java.io.ObjectStreamClass.invokeWriteObject(ObjectStreamClass.java:972)
	at java.io.ObjectOutputStream.writeSerialData(ObjectOutputStream.java:1495)
	at java.io.ObjectOutputStream.writeOrdinaryObject(ObjectOutputStream.java:1431)
	at java.io.ObjectOutputStream.writeObject0(ObjectOutputStream.java:1177)
	at java.io.ObjectOutputStream.defaultWriteFields(ObjectOutputStream.java:1547)
	at java.io.ObjectOutputStream.writeSerialData(ObjectOutputStream.java:1508)
	at java.io.ObjectOutputStream.writeOrdinaryObject(ObjectOutputStream.java:1431)
	at java.io.ObjectOutputStream.writeObject0(ObjectOutputStream.java:1177)
	at java.io.ObjectOutputStream.defaultWriteFields(ObjectOutputStream.java:1547)
	at java.io.ObjectOutputStream.writeSerialData(ObjectOutputStream.java:1508)
	at java.io.ObjectOutputStream.writeOrdinaryObject(ObjectOutputStream.java:1431)
	at java.io.ObjectOutputStream.writeObject0(ObjectOutputStream.java:1177)
	at java.io.ObjectOutputStream.defaultWriteFields(ObjectOutputStream.java:1547)
	at java.io.ObjectOutputStream.writeSerialData(ObjectOutputStream.java:1508)
	at java.io.ObjectOutputStream.writeOrdinaryObject(ObjectOutputStream.java:1431)
	at java.io.ObjectOutputStream.writeObject0(ObjectOutputStream.java:1177)
	at java.io.ObjectOutputStream.defaultWriteFields(ObjectOutputStream.java:1547)
	at java.io.ObjectOutputStream.writeSerialData(ObjectOutputStream.java:1508)
	at java.io.ObjectOutputStream.writeOrdinaryObject(ObjectOutputStream.java:1431)
	at java.io.ObjectOutputStream.writeObject0(ObjectOutputStream.java:1177)
	at java.io.ObjectOutputStream.defaultWriteFields(ObjectOutputStream.java:1547)
	at java.io.ObjectOutputStream.writeSerialData(ObjectOutputStream.java:1508)
	at java.io.ObjectOutputStream.writeOrdinaryObject(ObjectOutputStream.java:1431)
	at java.io.ObjectOutputStream.writeObject0(ObjectOutputStream.java:1177)
	at java.io.ObjectOutputStream.defaultWriteFields(ObjectOutputStream.java:1547)
	at java.io.ObjectOutputStream.writeSerialData(ObjectOutputStream.java:1508)
	at java.io.ObjectOutputStream.writeOrdinaryObject(ObjectOutputStream.java:1431)
	at java.io.ObjectOutputStream.writeObject0(ObjectOutputStream.java:1177)
	at java.io.ObjectOutputStream.writeObject(ObjectOutputStream.java:347)
	at org.apache.catalina.session.StandardSession.writeObject(StandardSession.java:1546)
	at org.apache.catalina.session.StandardSession.writeObjectData(StandardSession.java:989)
	at org.apache.catalina.session.StandardManager.doUnload(StandardManager.java:517)
	at org.apache.catalina.session.StandardManager.unload(StandardManager.java:463)
	at org.apache.catalina.session.StandardManager.stop(StandardManager.java:667)
	at org.apache.catalina.core.StandardContext.stop(StandardContext.java:4611)
	at org.apache.catalina.core.ContainerBase.removeChild(ContainerBase.java:924)
	at org.apache.catalina.startup.HostConfig.undeployApps(HostConfig.java:1319)
	at org.apache.catalina.startup.HostConfig.stop(HostConfig.java:1290)
	at org.apache.catalina.startup.HostConfig.lifecycleEvent(HostConfig.java:323)
	at org.apache.catalina.util.LifecycleSupport.fireLifecycleEvent(LifecycleSupport.java:119)
	at org.apache.catalina.core.ContainerBase.stop(ContainerBase.java:1086)
	at org.apache.catalina.core.ContainerBase.stop(ContainerBase.java:1098)
	at org.apache.catalina.core.StandardEngine.stop(StandardEngine.java:448)
	at org.apache.catalina.core.StandardService.stop(StandardService.java:584)
	at org.apache.catalina.core.StandardServer.stop(StandardServer.java:744)
	at org.apache.catalina.startup.Catalina.stop(Catalina.java:643)
	at org.apache.catalina.startup.Catalina.start(Catalina.java:618)
	at sun.reflect.NativeMethodAccessorImpl.invoke0(Native Method)
	at sun.reflect.NativeMethodAccessorImpl.invoke(NativeMethodAccessorImpl.java:57)
	at sun.reflect.DelegatingMethodAccessorImpl.invoke(DelegatingMethodAccessorImpl.java:43)
	at java.lang.reflect.Method.invoke(Method.java:622)
	at org.apache.catalina.startup.Bootstrap.start(Bootstrap.java:289)
	at org.apache.catalina.startup.Bootstrap.main(Bootstrap.java:414)
22/01/2016 10:06:44 AM org.apache.catalina.session.StandardSession writeObject
ADVERTENCIA: No puedo serializar atributo de sesión org.springframework.web.context.request.ServletRequestAttributes.DESTRUCTION_CALLBACK.olapDiscoverBean para sesión 7B8611E75DEBCB7D9DAF2F637BE2C4B6
java.io.NotSerializableException: org.saiku.datasources.connection.SaikuOlapConnection
	at java.io.ObjectOutputStream.writeObject0(ObjectOutputStream.java:1183)
	at java.io.ObjectOutputStream.writeObject(ObjectOutputStream.java:347)
	at java.util.HashMap.writeObject(HashMap.java:1018)
	at sun.reflect.NativeMethodAccessorImpl.invoke0(Native Method)
	at sun.reflect.NativeMethodAccessorImpl.invoke(NativeMethodAccessorImpl.java:57)
	at sun.reflect.DelegatingMethodAccessorImpl.invoke(DelegatingMethodAccessorImpl.java:43)
	at java.lang.reflect.Method.invoke(Method.java:622)
	at java.io.ObjectStreamClass.invokeWriteObject(ObjectStreamClass.java:972)
	at java.io.ObjectOutputStream.writeSerialData(ObjectOutputStream.java:1495)
	at java.io.ObjectOutputStream.writeOrdinaryObject(ObjectOutputStream.java:1431)
	at java.io.ObjectOutputStream.writeObject0(ObjectOutputStream.java:1177)
	at java.io.ObjectOutputStream.defaultWriteFields(ObjectOutputStream.java:1547)
	at java.io.ObjectOutputStream.writeSerialData(ObjectOutputStream.java:1508)
	at java.io.ObjectOutputStream.writeOrdinaryObject(ObjectOutputStream.java:1431)
	at java.io.ObjectOutputStream.writeObject0(ObjectOutputStream.java:1177)
	at java.io.ObjectOutputStream.defaultWriteFields(ObjectOutputStream.java:1547)
	at java.io.ObjectOutputStream.writeSerialData(ObjectOutputStream.java:1508)
	at java.io.ObjectOutputStream.writeOrdinaryObject(ObjectOutputStream.java:1431)
	at java.io.ObjectOutputStream.writeObject0(ObjectOutputStream.java:1177)
	at java.io.ObjectOutputStream.defaultWriteFields(ObjectOutputStream.java:1547)
	at java.io.ObjectOutputStream.writeSerialData(ObjectOutputStream.java:1508)
	at java.io.ObjectOutputStream.writeOrdinaryObject(ObjectOutputStream.java:1431)
	at java.io.ObjectOutputStream.writeObject0(ObjectOutputStream.java:1177)
	at java.io.ObjectOutputStream.defaultWriteFields(ObjectOutputStream.java:1547)
	at java.io.ObjectOutputStream.writeSerialData(ObjectOutputStream.java:1508)
	at java.io.ObjectOutputStream.writeOrdinaryObject(ObjectOutputStream.java:1431)
	at java.io.ObjectOutputStream.writeObject0(ObjectOutputStream.java:1177)
	at java.io.ObjectOutputStream.defaultWriteFields(ObjectOutputStream.java:1547)
	at java.io.ObjectOutputStream.writeSerialData(ObjectOutputStream.java:1508)
	at java.io.ObjectOutputStream.writeOrdinaryObject(ObjectOutputStream.java:1431)
	at java.io.ObjectOutputStream.writeObject0(ObjectOutputStream.java:1177)
	at java.io.ObjectOutputStream.defaultWriteFields(ObjectOutputStream.java:1547)
	at java.io.ObjectOutputStream.writeSerialData(ObjectOutputStream.java:1508)
	at java.io.ObjectOutputStream.writeOrdinaryObject(ObjectOutputStream.java:1431)
	at java.io.ObjectOutputStream.writeObject0(ObjectOutputStream.java:1177)
	at java.io.ObjectOutputStream.writeObject(ObjectOutputStream.java:347)
	at org.apache.catalina.session.StandardSession.writeObject(StandardSession.java:1546)
	at org.apache.catalina.session.StandardSession.writeObjectData(StandardSession.java:989)
	at org.apache.catalina.session.StandardManager.doUnload(StandardManager.java:517)
	at org.apache.catalina.session.StandardManager.unload(StandardManager.java:463)
	at org.apache.catalina.session.StandardManager.stop(StandardManager.java:667)
	at org.apache.catalina.core.StandardContext.stop(StandardContext.java:4611)
	at org.apache.catalina.core.ContainerBase.removeChild(ContainerBase.java:924)
	at org.apache.catalina.startup.HostConfig.undeployApps(HostConfig.java:1319)
	at org.apache.catalina.startup.HostConfig.stop(HostConfig.java:1290)
	at org.apache.catalina.startup.HostConfig.lifecycleEvent(HostConfig.java:323)
	at org.apache.catalina.util.LifecycleSupport.fireLifecycleEvent(LifecycleSupport.java:119)
	at org.apache.catalina.core.ContainerBase.stop(ContainerBase.java:1086)
	at org.apache.catalina.core.ContainerBase.stop(ContainerBase.java:1098)
	at org.apache.catalina.core.StandardEngine.stop(StandardEngine.java:448)
	at org.apache.catalina.core.StandardService.stop(StandardService.java:584)
	at org.apache.catalina.core.StandardServer.stop(StandardServer.java:744)
	at org.apache.catalina.startup.Catalina.stop(Catalina.java:643)
	at org.apache.catalina.startup.Catalina.start(Catalina.java:618)
	at sun.reflect.NativeMethodAccessorImpl.invoke0(Native Method)
	at sun.reflect.NativeMethodAccessorImpl.invoke(NativeMethodAccessorImpl.java:57)
	at sun.reflect.DelegatingMethodAccessorImpl.invoke(DelegatingMethodAccessorImpl.java:43)
	at java.lang.reflect.Method.invoke(Method.java:622)
	at org.apache.catalina.startup.Bootstrap.start(Bootstrap.java:289)
	at org.apache.catalina.startup.Bootstrap.main(Bootstrap.java:414)
22/01/2016 10:06:44 AM org.apache.catalina.core.ApplicationContext log
INFO: Closing Spring root WebApplicationContext
22/01/2016 10:06:59 AM org.apache.catalina.core.ApplicationContext log
INFO: Initializing Spring root WebApplicationContext
22/01/2016 10:22:59 AM org.apache.catalina.session.StandardSession writeObject
ADVERTENCIA: No puedo serializar atributo de sesión olapDiscoverBean para sesión B310E43426D83DC9DAFC387658215C31
java.io.NotSerializableException: org.saiku.datasources.connection.SaikuOlapConnection
	at java.io.ObjectOutputStream.writeObject0(ObjectOutputStream.java:1183)
	at java.io.ObjectOutputStream.writeObject(ObjectOutputStream.java:347)
	at java.util.HashMap.writeObject(HashMap.java:1018)
	at sun.reflect.NativeMethodAccessorImpl.invoke0(Native Method)
	at sun.reflect.NativeMethodAccessorImpl.invoke(NativeMethodAccessorImpl.java:57)
	at sun.reflect.DelegatingMethodAccessorImpl.invoke(DelegatingMethodAccessorImpl.java:43)
	at java.lang.reflect.Method.invoke(Method.java:622)
	at java.io.ObjectStreamClass.invokeWriteObject(ObjectStreamClass.java:972)
	at java.io.ObjectOutputStream.writeSerialData(ObjectOutputStream.java:1495)
	at java.io.ObjectOutputStream.writeOrdinaryObject(ObjectOutputStream.java:1431)
	at java.io.ObjectOutputStream.writeObject0(ObjectOutputStream.java:1177)
	at java.io.ObjectOutputStream.defaultWriteFields(ObjectOutputStream.java:1547)
	at java.io.ObjectOutputStream.writeSerialData(ObjectOutputStream.java:1508)
	at java.io.ObjectOutputStream.writeOrdinaryObject(ObjectOutputStream.java:1431)
	at java.io.ObjectOutputStream.writeObject0(ObjectOutputStream.java:1177)
	at java.io.ObjectOutputStream.defaultWriteFields(ObjectOutputStream.java:1547)
	at java.io.ObjectOutputStream.writeSerialData(ObjectOutputStream.java:1508)
	at java.io.ObjectOutputStream.writeOrdinaryObject(ObjectOutputStream.java:1431)
	at java.io.ObjectOutputStream.writeObject0(ObjectOutputStream.java:1177)
	at java.io.ObjectOutputStream.defaultWriteFields(ObjectOutputStream.java:1547)
	at java.io.ObjectOutputStream.writeSerialData(ObjectOutputStream.java:1508)
	at java.io.ObjectOutputStream.writeOrdinaryObject(ObjectOutputStream.java:1431)
	at java.io.ObjectOutputStream.writeObject0(ObjectOutputStream.java:1177)
	at java.io.ObjectOutputStream.defaultWriteFields(ObjectOutputStream.java:1547)
	at java.io.ObjectOutputStream.writeSerialData(ObjectOutputStream.java:1508)
	at java.io.ObjectOutputStream.writeOrdinaryObject(ObjectOutputStream.java:1431)
	at java.io.ObjectOutputStream.writeObject0(ObjectOutputStream.java:1177)
	at java.io.ObjectOutputStream.writeObject(ObjectOutputStream.java:347)
	at org.apache.catalina.session.StandardSession.writeObject(StandardSession.java:1546)
	at org.apache.catalina.session.StandardSession.writeObjectData(StandardSession.java:989)
	at org.apache.catalina.session.StandardManager.doUnload(StandardManager.java:517)
	at org.apache.catalina.session.StandardManager.unload(StandardManager.java:463)
	at org.apache.catalina.session.StandardManager.stop(StandardManager.java:667)
	at org.apache.catalina.core.StandardContext.stop(StandardContext.java:4611)
	at org.apache.catalina.core.ContainerBase.removeChild(ContainerBase.java:924)
	at org.apache.catalina.startup.HostConfig.undeployApps(HostConfig.java:1319)
	at org.apache.catalina.startup.HostConfig.stop(HostConfig.java:1290)
	at org.apache.catalina.startup.HostConfig.lifecycleEvent(HostConfig.java:323)
	at org.apache.catalina.util.LifecycleSupport.fireLifecycleEvent(LifecycleSupport.java:119)
	at org.apache.catalina.core.ContainerBase.stop(ContainerBase.java:1086)
	at org.apache.catalina.core.ContainerBase.stop(ContainerBase.java:1098)
	at org.apache.catalina.core.StandardEngine.stop(StandardEngine.java:448)
	at org.apache.catalina.core.StandardService.stop(StandardService.java:584)
	at org.apache.catalina.core.StandardServer.stop(StandardServer.java:744)
	at org.apache.catalina.startup.Catalina.stop(Catalina.java:643)
	at org.apache.catalina.startup.Catalina.start(Catalina.java:618)
	at sun.reflect.NativeMethodAccessorImpl.invoke0(Native Method)
	at sun.reflect.NativeMethodAccessorImpl.invoke(NativeMethodAccessorImpl.java:57)
	at sun.reflect.DelegatingMethodAccessorImpl.invoke(DelegatingMethodAccessorImpl.java:43)
	at java.lang.reflect.Method.invoke(Method.java:622)
	at org.apache.catalina.startup.Bootstrap.start(Bootstrap.java:289)
	at org.apache.catalina.startup.Bootstrap.main(Bootstrap.java:414)
22/01/2016 10:23:00 AM org.apache.catalina.session.StandardSession writeObject
ADVERTENCIA: No puedo serializar atributo de sesión olapQueryBean para sesión B310E43426D83DC9DAFC387658215C31
java.io.NotSerializableException: org.saiku.datasources.connection.SaikuOlapConnection
	at java.io.ObjectOutputStream.writeObject0(ObjectOutputStream.java:1183)
	at java.io.ObjectOutputStream.writeObject(ObjectOutputStream.java:347)
	at java.util.HashMap.writeObject(HashMap.java:1018)
	at sun.reflect.NativeMethodAccessorImpl.invoke0(Native Method)
	at sun.reflect.NativeMethodAccessorImpl.invoke(NativeMethodAccessorImpl.java:57)
	at sun.reflect.DelegatingMethodAccessorImpl.invoke(DelegatingMethodAccessorImpl.java:43)
	at java.lang.reflect.Method.invoke(Method.java:622)
	at java.io.ObjectStreamClass.invokeWriteObject(ObjectStreamClass.java:972)
	at java.io.ObjectOutputStream.writeSerialData(ObjectOutputStream.java:1495)
	at java.io.ObjectOutputStream.writeOrdinaryObject(ObjectOutputStream.java:1431)
	at java.io.ObjectOutputStream.writeObject0(ObjectOutputStream.java:1177)
	at java.io.ObjectOutputStream.defaultWriteFields(ObjectOutputStream.java:1547)
	at java.io.ObjectOutputStream.writeSerialData(ObjectOutputStream.java:1508)
	at java.io.ObjectOutputStream.writeOrdinaryObject(ObjectOutputStream.java:1431)
	at java.io.ObjectOutputStream.writeObject0(ObjectOutputStream.java:1177)
	at java.io.ObjectOutputStream.defaultWriteFields(ObjectOutputStream.java:1547)
	at java.io.ObjectOutputStream.writeSerialData(ObjectOutputStream.java:1508)
	at java.io.ObjectOutputStream.writeOrdinaryObject(ObjectOutputStream.java:1431)
	at java.io.ObjectOutputStream.writeObject0(ObjectOutputStream.java:1177)
	at java.io.ObjectOutputStream.defaultWriteFields(ObjectOutputStream.java:1547)
	at java.io.ObjectOutputStream.writeSerialData(ObjectOutputStream.java:1508)
	at java.io.ObjectOutputStream.writeOrdinaryObject(ObjectOutputStream.java:1431)
	at java.io.ObjectOutputStream.writeObject0(ObjectOutputStream.java:1177)
	at java.io.ObjectOutputStream.defaultWriteFields(ObjectOutputStream.java:1547)
	at java.io.ObjectOutputStream.writeSerialData(ObjectOutputStream.java:1508)
	at java.io.ObjectOutputStream.writeOrdinaryObject(ObjectOutputStream.java:1431)
	at java.io.ObjectOutputStream.writeObject0(ObjectOutputStream.java:1177)
	at java.io.ObjectOutputStream.writeObject(ObjectOutputStream.java:347)
	at org.apache.catalina.session.StandardSession.writeObject(StandardSession.java:1546)
	at org.apache.catalina.session.StandardSession.writeObjectData(StandardSession.java:989)
	at org.apache.catalina.session.StandardManager.doUnload(StandardManager.java:517)
	at org.apache.catalina.session.StandardManager.unload(StandardManager.java:463)
	at org.apache.catalina.session.StandardManager.stop(StandardManager.java:667)
	at org.apache.catalina.core.StandardContext.stop(StandardContext.java:4611)
	at org.apache.catalina.core.ContainerBase.removeChild(ContainerBase.java:924)
	at org.apache.catalina.startup.HostConfig.undeployApps(HostConfig.java:1319)
	at org.apache.catalina.startup.HostConfig.stop(HostConfig.java:1290)
	at org.apache.catalina.startup.HostConfig.lifecycleEvent(HostConfig.java:323)
	at org.apache.catalina.util.LifecycleSupport.fireLifecycleEvent(LifecycleSupport.java:119)
	at org.apache.catalina.core.ContainerBase.stop(ContainerBase.java:1086)
	at org.apache.catalina.core.ContainerBase.stop(ContainerBase.java:1098)
	at org.apache.catalina.core.StandardEngine.stop(StandardEngine.java:448)
	at org.apache.catalina.core.StandardService.stop(StandardService.java:584)
	at org.apache.catalina.core.StandardServer.stop(StandardServer.java:744)
	at org.apache.catalina.startup.Catalina.stop(Catalina.java:643)
	at org.apache.catalina.startup.Catalina.start(Catalina.java:618)
	at sun.reflect.NativeMethodAccessorImpl.invoke0(Native Method)
	at sun.reflect.NativeMethodAccessorImpl.invoke(NativeMethodAccessorImpl.java:57)
	at sun.reflect.DelegatingMethodAccessorImpl.invoke(DelegatingMethodAccessorImpl.java:43)
	at java.lang.reflect.Method.invoke(Method.java:622)
	at org.apache.catalina.startup.Bootstrap.start(Bootstrap.java:289)
	at org.apache.catalina.startup.Bootstrap.main(Bootstrap.java:414)
22/01/2016 10:23:00 AM org.apache.catalina.session.StandardSession writeObject
ADVERTENCIA: No puedo serializar atributo de sesión org.springframework.web.context.request.ServletRequestAttributes.DESTRUCTION_CALLBACK.olapQueryBean para sesión B310E43426D83DC9DAFC387658215C31
java.io.NotSerializableException: org.saiku.datasources.connection.SaikuOlapConnection
	at java.io.ObjectOutputStream.writeObject0(ObjectOutputStream.java:1183)
	at java.io.ObjectOutputStream.writeObject(ObjectOutputStream.java:347)
	at java.util.HashMap.writeObject(HashMap.java:1018)
	at sun.reflect.NativeMethodAccessorImpl.invoke0(Native Method)
	at sun.reflect.NativeMethodAccessorImpl.invoke(NativeMethodAccessorImpl.java:57)
	at sun.reflect.DelegatingMethodAccessorImpl.invoke(DelegatingMethodAccessorImpl.java:43)
	at java.lang.reflect.Method.invoke(Method.java:622)
	at java.io.ObjectStreamClass.invokeWriteObject(ObjectStreamClass.java:972)
	at java.io.ObjectOutputStream.writeSerialData(ObjectOutputStream.java:1495)
	at java.io.ObjectOutputStream.writeOrdinaryObject(ObjectOutputStream.java:1431)
	at java.io.ObjectOutputStream.writeObject0(ObjectOutputStream.java:1177)
	at java.io.ObjectOutputStream.defaultWriteFields(ObjectOutputStream.java:1547)
	at java.io.ObjectOutputStream.writeSerialData(ObjectOutputStream.java:1508)
	at java.io.ObjectOutputStream.writeOrdinaryObject(ObjectOutputStream.java:1431)
	at java.io.ObjectOutputStream.writeObject0(ObjectOutputStream.java:1177)
	at java.io.ObjectOutputStream.defaultWriteFields(ObjectOutputStream.java:1547)
	at java.io.ObjectOutputStream.writeSerialData(ObjectOutputStream.java:1508)
	at java.io.ObjectOutputStream.writeOrdinaryObject(ObjectOutputStream.java:1431)
	at java.io.ObjectOutputStream.writeObject0(ObjectOutputStream.java:1177)
	at java.io.ObjectOutputStream.defaultWriteFields(ObjectOutputStream.java:1547)
	at java.io.ObjectOutputStream.writeSerialData(ObjectOutputStream.java:1508)
	at java.io.ObjectOutputStream.writeOrdinaryObject(ObjectOutputStream.java:1431)
	at java.io.ObjectOutputStream.writeObject0(ObjectOutputStream.java:1177)
	at java.io.ObjectOutputStream.defaultWriteFields(ObjectOutputStream.java:1547)
	at java.io.ObjectOutputStream.writeSerialData(ObjectOutputStream.java:1508)
	at java.io.ObjectOutputStream.writeOrdinaryObject(ObjectOutputStream.java:1431)
	at java.io.ObjectOutputStream.writeObject0(ObjectOutputStream.java:1177)
	at java.io.ObjectOutputStream.defaultWriteFields(ObjectOutputStream.java:1547)
	at java.io.ObjectOutputStream.writeSerialData(ObjectOutputStream.java:1508)
	at java.io.ObjectOutputStream.writeOrdinaryObject(ObjectOutputStream.java:1431)
	at java.io.ObjectOutputStream.writeObject0(ObjectOutputStream.java:1177)
	at java.io.ObjectOutputStream.defaultWriteFields(ObjectOutputStream.java:1547)
	at java.io.ObjectOutputStream.writeSerialData(ObjectOutputStream.java:1508)
	at java.io.ObjectOutputStream.writeOrdinaryObject(ObjectOutputStream.java:1431)
	at java.io.ObjectOutputStream.writeObject0(ObjectOutputStream.java:1177)
	at java.io.ObjectOutputStream.writeObject(ObjectOutputStream.java:347)
	at org.apache.catalina.session.StandardSession.writeObject(StandardSession.java:1546)
	at org.apache.catalina.session.StandardSession.writeObjectData(StandardSession.java:989)
	at org.apache.catalina.session.StandardManager.doUnload(StandardManager.java:517)
	at org.apache.catalina.session.StandardManager.unload(StandardManager.java:463)
	at org.apache.catalina.session.StandardManager.stop(StandardManager.java:667)
	at org.apache.catalina.core.StandardContext.stop(StandardContext.java:4611)
	at org.apache.catalina.core.ContainerBase.removeChild(ContainerBase.java:924)
	at org.apache.catalina.startup.HostConfig.undeployApps(HostConfig.java:1319)
	at org.apache.catalina.startup.HostConfig.stop(HostConfig.java:1290)
	at org.apache.catalina.startup.HostConfig.lifecycleEvent(HostConfig.java:323)
	at org.apache.catalina.util.LifecycleSupport.fireLifecycleEvent(LifecycleSupport.java:119)
	at org.apache.catalina.core.ContainerBase.stop(ContainerBase.java:1086)
	at org.apache.catalina.core.ContainerBase.stop(ContainerBase.java:1098)
	at org.apache.catalina.core.StandardEngine.stop(StandardEngine.java:448)
	at org.apache.catalina.core.StandardService.stop(StandardService.java:584)
	at org.apache.catalina.core.StandardServer.stop(StandardServer.java:744)
	at org.apache.catalina.startup.Catalina.stop(Catalina.java:643)
	at org.apache.catalina.startup.Catalina.start(Catalina.java:618)
	at sun.reflect.NativeMethodAccessorImpl.invoke0(Native Method)
	at sun.reflect.NativeMethodAccessorImpl.invoke(NativeMethodAccessorImpl.java:57)
	at sun.reflect.DelegatingMethodAccessorImpl.invoke(DelegatingMethodAccessorImpl.java:43)
	at java.lang.reflect.Method.invoke(Method.java:622)
	at org.apache.catalina.startup.Bootstrap.start(Bootstrap.java:289)
	at org.apache.catalina.startup.Bootstrap.main(Bootstrap.java:414)
22/01/2016 10:23:00 AM org.apache.catalina.session.StandardSession writeObject
ADVERTENCIA: No puedo serializar atributo de sesión org.springframework.web.context.request.ServletRequestAttributes.DESTRUCTION_CALLBACK.olapDiscoverBean para sesión B310E43426D83DC9DAFC387658215C31
java.io.NotSerializableException: org.saiku.datasources.connection.SaikuOlapConnection
	at java.io.ObjectOutputStream.writeObject0(ObjectOutputStream.java:1183)
	at java.io.ObjectOutputStream.writeObject(ObjectOutputStream.java:347)
	at java.util.HashMap.writeObject(HashMap.java:1018)
	at sun.reflect.NativeMethodAccessorImpl.invoke0(Native Method)
	at sun.reflect.NativeMethodAccessorImpl.invoke(NativeMethodAccessorImpl.java:57)
	at sun.reflect.DelegatingMethodAccessorImpl.invoke(DelegatingMethodAccessorImpl.java:43)
	at java.lang.reflect.Method.invoke(Method.java:622)
	at java.io.ObjectStreamClass.invokeWriteObject(ObjectStreamClass.java:972)
	at java.io.ObjectOutputStream.writeSerialData(ObjectOutputStream.java:1495)
	at java.io.ObjectOutputStream.writeOrdinaryObject(ObjectOutputStream.java:1431)
	at java.io.ObjectOutputStream.writeObject0(ObjectOutputStream.java:1177)
	at java.io.ObjectOutputStream.defaultWriteFields(ObjectOutputStream.java:1547)
	at java.io.ObjectOutputStream.writeSerialData(ObjectOutputStream.java:1508)
	at java.io.ObjectOutputStream.writeOrdinaryObject(ObjectOutputStream.java:1431)
	at java.io.ObjectOutputStream.writeObject0(ObjectOutputStream.java:1177)
	at java.io.ObjectOutputStream.defaultWriteFields(ObjectOutputStream.java:1547)
	at java.io.ObjectOutputStream.writeSerialData(ObjectOutputStream.java:1508)
	at java.io.ObjectOutputStream.writeOrdinaryObject(ObjectOutputStream.java:1431)
	at java.io.ObjectOutputStream.writeObject0(ObjectOutputStream.java:1177)
	at java.io.ObjectOutputStream.defaultWriteFields(ObjectOutputStream.java:1547)
	at java.io.ObjectOutputStream.writeSerialData(ObjectOutputStream.java:1508)
	at java.io.ObjectOutputStream.writeOrdinaryObject(ObjectOutputStream.java:1431)
	at java.io.ObjectOutputStream.writeObject0(ObjectOutputStream.java:1177)
	at java.io.ObjectOutputStream.defaultWriteFields(ObjectOutputStream.java:1547)
	at java.io.ObjectOutputStream.writeSerialData(ObjectOutputStream.java:1508)
	at java.io.ObjectOutputStream.writeOrdinaryObject(ObjectOutputStream.java:1431)
	at java.io.ObjectOutputStream.writeObject0(ObjectOutputStream.java:1177)
	at java.io.ObjectOutputStream.defaultWriteFields(ObjectOutputStream.java:1547)
	at java.io.ObjectOutputStream.writeSerialData(ObjectOutputStream.java:1508)
	at java.io.ObjectOutputStream.writeOrdinaryObject(ObjectOutputStream.java:1431)
	at java.io.ObjectOutputStream.writeObject0(ObjectOutputStream.java:1177)
	at java.io.ObjectOutputStream.defaultWriteFields(ObjectOutputStream.java:1547)
	at java.io.ObjectOutputStream.writeSerialData(ObjectOutputStream.java:1508)
	at java.io.ObjectOutputStream.writeOrdinaryObject(ObjectOutputStream.java:1431)
	at java.io.ObjectOutputStream.writeObject0(ObjectOutputStream.java:1177)
	at java.io.ObjectOutputStream.writeObject(ObjectOutputStream.java:347)
	at org.apache.catalina.session.StandardSession.writeObject(StandardSession.java:1546)
	at org.apache.catalina.session.StandardSession.writeObjectData(StandardSession.java:989)
	at org.apache.catalina.session.StandardManager.doUnload(StandardManager.java:517)
	at org.apache.catalina.session.StandardManager.unload(StandardManager.java:463)
	at org.apache.catalina.session.StandardManager.stop(StandardManager.java:667)
	at org.apache.catalina.core.StandardContext.stop(StandardContext.java:4611)
	at org.apache.catalina.core.ContainerBase.removeChild(ContainerBase.java:924)
	at org.apache.catalina.startup.HostConfig.undeployApps(HostConfig.java:1319)
	at org.apache.catalina.startup.HostConfig.stop(HostConfig.java:1290)
	at org.apache.catalina.startup.HostConfig.lifecycleEvent(HostConfig.java:323)
	at org.apache.catalina.util.LifecycleSupport.fireLifecycleEvent(LifecycleSupport.java:119)
	at org.apache.catalina.core.ContainerBase.stop(ContainerBase.java:1086)
	at org.apache.catalina.core.ContainerBase.stop(ContainerBase.java:1098)
	at org.apache.catalina.core.StandardEngine.stop(StandardEngine.java:448)
	at org.apache.catalina.core.StandardService.stop(StandardService.java:584)
	at org.apache.catalina.core.StandardServer.stop(StandardServer.java:744)
	at org.apache.catalina.startup.Catalina.stop(Catalina.java:643)
	at org.apache.catalina.startup.Catalina.start(Catalina.java:618)
	at sun.reflect.NativeMethodAccessorImpl.invoke0(Native Method)
	at sun.reflect.NativeMethodAccessorImpl.invoke(NativeMethodAccessorImpl.java:57)
	at sun.reflect.DelegatingMethodAccessorImpl.invoke(DelegatingMethodAccessorImpl.java:43)
	at java.lang.reflect.Method.invoke(Method.java:622)
	at org.apache.catalina.startup.Bootstrap.start(Bootstrap.java:289)
	at org.apache.catalina.startup.Bootstrap.main(Bootstrap.java:414)
22/01/2016 10:23:00 AM org.apache.catalina.session.StandardSession writeObject
ADVERTENCIA: No puedo serializar atributo de sesión olapDiscoverBean para sesión 9DB7C9DA19DFCA7AB9A93E67C9751D0A
java.io.NotSerializableException: org.saiku.datasources.connection.SaikuOlapConnection
	at java.io.ObjectOutputStream.writeObject0(ObjectOutputStream.java:1183)
	at java.io.ObjectOutputStream.writeObject(ObjectOutputStream.java:347)
	at java.util.HashMap.writeObject(HashMap.java:1018)
	at sun.reflect.NativeMethodAccessorImpl.invoke0(Native Method)
	at sun.reflect.NativeMethodAccessorImpl.invoke(NativeMethodAccessorImpl.java:57)
	at sun.reflect.DelegatingMethodAccessorImpl.invoke(DelegatingMethodAccessorImpl.java:43)
	at java.lang.reflect.Method.invoke(Method.java:622)
	at java.io.ObjectStreamClass.invokeWriteObject(ObjectStreamClass.java:972)
	at java.io.ObjectOutputStream.writeSerialData(ObjectOutputStream.java:1495)
	at java.io.ObjectOutputStream.writeOrdinaryObject(ObjectOutputStream.java:1431)
	at java.io.ObjectOutputStream.writeObject0(ObjectOutputStream.java:1177)
	at java.io.ObjectOutputStream.defaultWriteFields(ObjectOutputStream.java:1547)
	at java.io.ObjectOutputStream.writeSerialData(ObjectOutputStream.java:1508)
	at java.io.ObjectOutputStream.writeOrdinaryObject(ObjectOutputStream.java:1431)
	at java.io.ObjectOutputStream.writeObject0(ObjectOutputStream.java:1177)
	at java.io.ObjectOutputStream.defaultWriteFields(ObjectOutputStream.java:1547)
	at java.io.ObjectOutputStream.writeSerialData(ObjectOutputStream.java:1508)
	at java.io.ObjectOutputStream.writeOrdinaryObject(ObjectOutputStream.java:1431)
	at java.io.ObjectOutputStream.writeObject0(ObjectOutputStream.java:1177)
	at java.io.ObjectOutputStream.defaultWriteFields(ObjectOutputStream.java:1547)
	at java.io.ObjectOutputStream.writeSerialData(ObjectOutputStream.java:1508)
	at java.io.ObjectOutputStream.writeOrdinaryObject(ObjectOutputStream.java:1431)
	at java.io.ObjectOutputStream.writeObject0(ObjectOutputStream.java:1177)
	at java.io.ObjectOutputStream.defaultWriteFields(ObjectOutputStream.java:1547)
	at java.io.ObjectOutputStream.writeSerialData(ObjectOutputStream.java:1508)
	at java.io.ObjectOutputStream.writeOrdinaryObject(ObjectOutputStream.java:1431)
	at java.io.ObjectOutputStream.writeObject0(ObjectOutputStream.java:1177)
	at java.io.ObjectOutputStream.writeObject(ObjectOutputStream.java:347)
	at org.apache.catalina.session.StandardSession.writeObject(StandardSession.java:1546)
	at org.apache.catalina.session.StandardSession.writeObjectData(StandardSession.java:989)
	at org.apache.catalina.session.StandardManager.doUnload(StandardManager.java:517)
	at org.apache.catalina.session.StandardManager.unload(StandardManager.java:463)
	at org.apache.catalina.session.StandardManager.stop(StandardManager.java:667)
	at org.apache.catalina.core.StandardContext.stop(StandardContext.java:4611)
	at org.apache.catalina.core.ContainerBase.removeChild(ContainerBase.java:924)
	at org.apache.catalina.startup.HostConfig.undeployApps(HostConfig.java:1319)
	at org.apache.catalina.startup.HostConfig.stop(HostConfig.java:1290)
	at org.apache.catalina.startup.HostConfig.lifecycleEvent(HostConfig.java:323)
	at org.apache.catalina.util.LifecycleSupport.fireLifecycleEvent(LifecycleSupport.java:119)
	at org.apache.catalina.core.ContainerBase.stop(ContainerBase.java:1086)
	at org.apache.catalina.core.ContainerBase.stop(ContainerBase.java:1098)
	at org.apache.catalina.core.StandardEngine.stop(StandardEngine.java:448)
	at org.apache.catalina.core.StandardService.stop(StandardService.java:584)
	at org.apache.catalina.core.StandardServer.stop(StandardServer.java:744)
	at org.apache.catalina.startup.Catalina.stop(Catalina.java:643)
	at org.apache.catalina.startup.Catalina.start(Catalina.java:618)
	at sun.reflect.NativeMethodAccessorImpl.invoke0(Native Method)
	at sun.reflect.NativeMethodAccessorImpl.invoke(NativeMethodAccessorImpl.java:57)
	at sun.reflect.DelegatingMethodAccessorImpl.invoke(DelegatingMethodAccessorImpl.java:43)
	at java.lang.reflect.Method.invoke(Method.java:622)
	at org.apache.catalina.startup.Bootstrap.start(Bootstrap.java:289)
	at org.apache.catalina.startup.Bootstrap.main(Bootstrap.java:414)
22/01/2016 10:23:00 AM org.apache.catalina.session.StandardSession writeObject
ADVERTENCIA: No puedo serializar atributo de sesión org.springframework.web.context.request.ServletRequestAttributes.DESTRUCTION_CALLBACK.olapDiscoverBean para sesión 9DB7C9DA19DFCA7AB9A93E67C9751D0A
java.io.NotSerializableException: org.saiku.datasources.connection.SaikuOlapConnection
	at java.io.ObjectOutputStream.writeObject0(ObjectOutputStream.java:1183)
	at java.io.ObjectOutputStream.writeObject(ObjectOutputStream.java:347)
	at java.util.HashMap.writeObject(HashMap.java:1018)
	at sun.reflect.NativeMethodAccessorImpl.invoke0(Native Method)
	at sun.reflect.NativeMethodAccessorImpl.invoke(NativeMethodAccessorImpl.java:57)
	at sun.reflect.DelegatingMethodAccessorImpl.invoke(DelegatingMethodAccessorImpl.java:43)
	at java.lang.reflect.Method.invoke(Method.java:622)
	at java.io.ObjectStreamClass.invokeWriteObject(ObjectStreamClass.java:972)
	at java.io.ObjectOutputStream.writeSerialData(ObjectOutputStream.java:1495)
	at java.io.ObjectOutputStream.writeOrdinaryObject(ObjectOutputStream.java:1431)
	at java.io.ObjectOutputStream.writeObject0(ObjectOutputStream.java:1177)
	at java.io.ObjectOutputStream.defaultWriteFields(ObjectOutputStream.java:1547)
	at java.io.ObjectOutputStream.writeSerialData(ObjectOutputStream.java:1508)
	at java.io.ObjectOutputStream.writeOrdinaryObject(ObjectOutputStream.java:1431)
	at java.io.ObjectOutputStream.writeObject0(ObjectOutputStream.java:1177)
	at java.io.ObjectOutputStream.defaultWriteFields(ObjectOutputStream.java:1547)
	at java.io.ObjectOutputStream.writeSerialData(ObjectOutputStream.java:1508)
	at java.io.ObjectOutputStream.writeOrdinaryObject(ObjectOutputStream.java:1431)
	at java.io.ObjectOutputStream.writeObject0(ObjectOutputStream.java:1177)
	at java.io.ObjectOutputStream.defaultWriteFields(ObjectOutputStream.java:1547)
	at java.io.ObjectOutputStream.writeSerialData(ObjectOutputStream.java:1508)
	at java.io.ObjectOutputStream.writeOrdinaryObject(ObjectOutputStream.java:1431)
	at java.io.ObjectOutputStream.writeObject0(ObjectOutputStream.java:1177)
	at java.io.ObjectOutputStream.defaultWriteFields(ObjectOutputStream.java:1547)
	at java.io.ObjectOutputStream.writeSerialData(ObjectOutputStream.java:1508)
	at java.io.ObjectOutputStream.writeOrdinaryObject(ObjectOutputStream.java:1431)
	at java.io.ObjectOutputStream.writeObject0(ObjectOutputStream.java:1177)
	at java.io.ObjectOutputStream.defaultWriteFields(ObjectOutputStream.java:1547)
	at java.io.ObjectOutputStream.writeSerialData(ObjectOutputStream.java:1508)
	at java.io.ObjectOutputStream.writeOrdinaryObject(ObjectOutputStream.java:1431)
	at java.io.ObjectOutputStream.writeObject0(ObjectOutputStream.java:1177)
	at java.io.ObjectOutputStream.defaultWriteFields(ObjectOutputStream.java:1547)
	at java.io.ObjectOutputStream.writeSerialData(ObjectOutputStream.java:1508)
	at java.io.ObjectOutputStream.writeOrdinaryObject(ObjectOutputStream.java:1431)
	at java.io.ObjectOutputStream.writeObject0(ObjectOutputStream.java:1177)
	at java.io.ObjectOutputStream.writeObject(ObjectOutputStream.java:347)
	at org.apache.catalina.session.StandardSession.writeObject(StandardSession.java:1546)
	at org.apache.catalina.session.StandardSession.writeObjectData(StandardSession.java:989)
	at org.apache.catalina.session.StandardManager.doUnload(StandardManager.java:517)
	at org.apache.catalina.session.StandardManager.unload(StandardManager.java:463)
	at org.apache.catalina.session.StandardManager.stop(StandardManager.java:667)
	at org.apache.catalina.core.StandardContext.stop(StandardContext.java:4611)
	at org.apache.catalina.core.ContainerBase.removeChild(ContainerBase.java:924)
	at org.apache.catalina.startup.HostConfig.undeployApps(HostConfig.java:1319)
	at org.apache.catalina.startup.HostConfig.stop(HostConfig.java:1290)
	at org.apache.catalina.startup.HostConfig.lifecycleEvent(HostConfig.java:323)
	at org.apache.catalina.util.LifecycleSupport.fireLifecycleEvent(LifecycleSupport.java:119)
	at org.apache.catalina.core.ContainerBase.stop(ContainerBase.java:1086)
	at org.apache.catalina.core.ContainerBase.stop(ContainerBase.java:1098)
	at org.apache.catalina.core.StandardEngine.stop(StandardEngine.java:448)
	at org.apache.catalina.core.StandardService.stop(StandardService.java:584)
	at org.apache.catalina.core.StandardServer.stop(StandardServer.java:744)
	at org.apache.catalina.startup.Catalina.stop(Catalina.java:643)
	at org.apache.catalina.startup.Catalina.start(Catalina.java:618)
	at sun.reflect.NativeMethodAccessorImpl.invoke0(Native Method)
	at sun.reflect.NativeMethodAccessorImpl.invoke(NativeMethodAccessorImpl.java:57)
	at sun.reflect.DelegatingMethodAccessorImpl.invoke(DelegatingMethodAccessorImpl.java:43)
	at java.lang.reflect.Method.invoke(Method.java:622)
	at org.apache.catalina.startup.Bootstrap.start(Bootstrap.java:289)
	at org.apache.catalina.startup.Bootstrap.main(Bootstrap.java:414)
22/01/2016 10:23:00 AM org.apache.catalina.core.ApplicationContext log
INFO: Closing Spring root WebApplicationContext
22/01/2016 11:05:29 AM org.apache.catalina.core.ApplicationContext log
INFO: Initializing Spring root WebApplicationContext
22/01/2016 11:18:41 AM org.apache.catalina.session.StandardSession writeObject
ADVERTENCIA: No puedo serializar atributo de sesión olapDiscoverBean para sesión 60CCB8B4DD6922FA4601490B7E5D5828
java.io.NotSerializableException: org.saiku.datasources.connection.SaikuOlapConnection
	at java.io.ObjectOutputStream.writeObject0(ObjectOutputStream.java:1183)
	at java.io.ObjectOutputStream.writeObject(ObjectOutputStream.java:347)
	at java.util.HashMap.writeObject(HashMap.java:1018)
	at sun.reflect.NativeMethodAccessorImpl.invoke0(Native Method)
	at sun.reflect.NativeMethodAccessorImpl.invoke(NativeMethodAccessorImpl.java:57)
	at sun.reflect.DelegatingMethodAccessorImpl.invoke(DelegatingMethodAccessorImpl.java:43)
	at java.lang.reflect.Method.invoke(Method.java:622)
	at java.io.ObjectStreamClass.invokeWriteObject(ObjectStreamClass.java:972)
	at java.io.ObjectOutputStream.writeSerialData(ObjectOutputStream.java:1495)
	at java.io.ObjectOutputStream.writeOrdinaryObject(ObjectOutputStream.java:1431)
	at java.io.ObjectOutputStream.writeObject0(ObjectOutputStream.java:1177)
	at java.io.ObjectOutputStream.defaultWriteFields(ObjectOutputStream.java:1547)
	at java.io.ObjectOutputStream.writeSerialData(ObjectOutputStream.java:1508)
	at java.io.ObjectOutputStream.writeOrdinaryObject(ObjectOutputStream.java:1431)
	at java.io.ObjectOutputStream.writeObject0(ObjectOutputStream.java:1177)
	at java.io.ObjectOutputStream.defaultWriteFields(ObjectOutputStream.java:1547)
	at java.io.ObjectOutputStream.writeSerialData(ObjectOutputStream.java:1508)
	at java.io.ObjectOutputStream.writeOrdinaryObject(ObjectOutputStream.java:1431)
	at java.io.ObjectOutputStream.writeObject0(ObjectOutputStream.java:1177)
	at java.io.ObjectOutputStream.defaultWriteFields(ObjectOutputStream.java:1547)
	at java.io.ObjectOutputStream.writeSerialData(ObjectOutputStream.java:1508)
	at java.io.ObjectOutputStream.writeOrdinaryObject(ObjectOutputStream.java:1431)
	at java.io.ObjectOutputStream.writeObject0(ObjectOutputStream.java:1177)
	at java.io.ObjectOutputStream.defaultWriteFields(ObjectOutputStream.java:1547)
	at java.io.ObjectOutputStream.writeSerialData(ObjectOutputStream.java:1508)
	at java.io.ObjectOutputStream.writeOrdinaryObject(ObjectOutputStream.java:1431)
	at java.io.ObjectOutputStream.writeObject0(ObjectOutputStream.java:1177)
	at java.io.ObjectOutputStream.writeObject(ObjectOutputStream.java:347)
	at org.apache.catalina.session.StandardSession.writeObject(StandardSession.java:1546)
	at org.apache.catalina.session.StandardSession.writeObjectData(StandardSession.java:989)
	at org.apache.catalina.session.StandardManager.doUnload(StandardManager.java:517)
	at org.apache.catalina.session.StandardManager.unload(StandardManager.java:463)
	at org.apache.catalina.session.StandardManager.stop(StandardManager.java:667)
	at org.apache.catalina.core.StandardContext.stop(StandardContext.java:4611)
	at org.apache.catalina.core.ContainerBase.removeChild(ContainerBase.java:924)
	at org.apache.catalina.startup.HostConfig.undeployApps(HostConfig.java:1319)
	at org.apache.catalina.startup.HostConfig.stop(HostConfig.java:1290)
	at org.apache.catalina.startup.HostConfig.lifecycleEvent(HostConfig.java:323)
	at org.apache.catalina.util.LifecycleSupport.fireLifecycleEvent(LifecycleSupport.java:119)
	at org.apache.catalina.core.ContainerBase.stop(ContainerBase.java:1086)
	at org.apache.catalina.core.ContainerBase.stop(ContainerBase.java:1098)
	at org.apache.catalina.core.StandardEngine.stop(StandardEngine.java:448)
	at org.apache.catalina.core.StandardService.stop(StandardService.java:584)
	at org.apache.catalina.core.StandardServer.stop(StandardServer.java:744)
	at org.apache.catalina.startup.Catalina.stop(Catalina.java:643)
	at org.apache.catalina.startup.Catalina.start(Catalina.java:618)
	at sun.reflect.NativeMethodAccessorImpl.invoke0(Native Method)
	at sun.reflect.NativeMethodAccessorImpl.invoke(NativeMethodAccessorImpl.java:57)
	at sun.reflect.DelegatingMethodAccessorImpl.invoke(DelegatingMethodAccessorImpl.java:43)
	at java.lang.reflect.Method.invoke(Method.java:622)
	at org.apache.catalina.startup.Bootstrap.start(Bootstrap.java:289)
	at org.apache.catalina.startup.Bootstrap.main(Bootstrap.java:414)
22/01/2016 11:18:41 AM org.apache.catalina.session.StandardSession writeObject
ADVERTENCIA: No puedo serializar atributo de sesión org.springframework.web.context.request.ServletRequestAttributes.DESTRUCTION_CALLBACK.olapDiscoverBean para sesión 60CCB8B4DD6922FA4601490B7E5D5828
java.io.NotSerializableException: org.saiku.datasources.connection.SaikuOlapConnection
	at java.io.ObjectOutputStream.writeObject0(ObjectOutputStream.java:1183)
	at java.io.ObjectOutputStream.writeObject(ObjectOutputStream.java:347)
	at java.util.HashMap.writeObject(HashMap.java:1018)
	at sun.reflect.NativeMethodAccessorImpl.invoke0(Native Method)
	at sun.reflect.NativeMethodAccessorImpl.invoke(NativeMethodAccessorImpl.java:57)
	at sun.reflect.DelegatingMethodAccessorImpl.invoke(DelegatingMethodAccessorImpl.java:43)
	at java.lang.reflect.Method.invoke(Method.java:622)
	at java.io.ObjectStreamClass.invokeWriteObject(ObjectStreamClass.java:972)
	at java.io.ObjectOutputStream.writeSerialData(ObjectOutputStream.java:1495)
	at java.io.ObjectOutputStream.writeOrdinaryObject(ObjectOutputStream.java:1431)
	at java.io.ObjectOutputStream.writeObject0(ObjectOutputStream.java:1177)
	at java.io.ObjectOutputStream.defaultWriteFields(ObjectOutputStream.java:1547)
	at java.io.ObjectOutputStream.writeSerialData(ObjectOutputStream.java:1508)
	at java.io.ObjectOutputStream.writeOrdinaryObject(ObjectOutputStream.java:1431)
	at java.io.ObjectOutputStream.writeObject0(ObjectOutputStream.java:1177)
	at java.io.ObjectOutputStream.defaultWriteFields(ObjectOutputStream.java:1547)
	at java.io.ObjectOutputStream.writeSerialData(ObjectOutputStream.java:1508)
	at java.io.ObjectOutputStream.writeOrdinaryObject(ObjectOutputStream.java:1431)
	at java.io.ObjectOutputStream.writeObject0(ObjectOutputStream.java:1177)
	at java.io.ObjectOutputStream.defaultWriteFields(ObjectOutputStream.java:1547)
	at java.io.ObjectOutputStream.writeSerialData(ObjectOutputStream.java:1508)
	at java.io.ObjectOutputStream.writeOrdinaryObject(ObjectOutputStream.java:1431)
	at java.io.ObjectOutputStream.writeObject0(ObjectOutputStream.java:1177)
	at java.io.ObjectOutputStream.defaultWriteFields(ObjectOutputStream.java:1547)
	at java.io.ObjectOutputStream.writeSerialData(ObjectOutputStream.java:1508)
	at java.io.ObjectOutputStream.writeOrdinaryObject(ObjectOutputStream.java:1431)
	at java.io.ObjectOutputStream.writeObject0(ObjectOutputStream.java:1177)
	at java.io.ObjectOutputStream.defaultWriteFields(ObjectOutputStream.java:1547)
	at java.io.ObjectOutputStream.writeSerialData(ObjectOutputStream.java:1508)
	at java.io.ObjectOutputStream.writeOrdinaryObject(ObjectOutputStream.java:1431)
	at java.io.ObjectOutputStream.writeObject0(ObjectOutputStream.java:1177)
	at java.io.ObjectOutputStream.defaultWriteFields(ObjectOutputStream.java:1547)
	at java.io.ObjectOutputStream.writeSerialData(ObjectOutputStream.java:1508)
	at java.io.ObjectOutputStream.writeOrdinaryObject(ObjectOutputStream.java:1431)
	at java.io.ObjectOutputStream.writeObject0(ObjectOutputStream.java:1177)
	at java.io.ObjectOutputStream.writeObject(ObjectOutputStream.java:347)
	at org.apache.catalina.session.StandardSession.writeObject(StandardSession.java:1546)
	at org.apache.catalina.session.StandardSession.writeObjectData(StandardSession.java:989)
	at org.apache.catalina.session.StandardManager.doUnload(StandardManager.java:517)
	at org.apache.catalina.session.StandardManager.unload(StandardManager.java:463)
	at org.apache.catalina.session.StandardManager.stop(StandardManager.java:667)
	at org.apache.catalina.core.StandardContext.stop(StandardContext.java:4611)
	at org.apache.catalina.core.ContainerBase.removeChild(ContainerBase.java:924)
	at org.apache.catalina.startup.HostConfig.undeployApps(HostConfig.java:1319)
	at org.apache.catalina.startup.HostConfig.stop(HostConfig.java:1290)
	at org.apache.catalina.startup.HostConfig.lifecycleEvent(HostConfig.java:323)
	at org.apache.catalina.util.LifecycleSupport.fireLifecycleEvent(LifecycleSupport.java:119)
	at org.apache.catalina.core.ContainerBase.stop(ContainerBase.java:1086)
	at org.apache.catalina.core.ContainerBase.stop(ContainerBase.java:1098)
	at org.apache.catalina.core.StandardEngine.stop(StandardEngine.java:448)
	at org.apache.catalina.core.StandardService.stop(StandardService.java:584)
	at org.apache.catalina.core.StandardServer.stop(StandardServer.java:744)
	at org.apache.catalina.startup.Catalina.stop(Catalina.java:643)
	at org.apache.catalina.startup.Catalina.start(Catalina.java:618)
	at sun.reflect.NativeMethodAccessorImpl.invoke0(Native Method)
	at sun.reflect.NativeMethodAccessorImpl.invoke(NativeMethodAccessorImpl.java:57)
	at sun.reflect.DelegatingMethodAccessorImpl.invoke(DelegatingMethodAccessorImpl.java:43)
	at java.lang.reflect.Method.invoke(Method.java:622)
	at org.apache.catalina.startup.Bootstrap.start(Bootstrap.java:289)
	at org.apache.catalina.startup.Bootstrap.main(Bootstrap.java:414)
22/01/2016 11:18:41 AM org.apache.catalina.core.ApplicationContext log
INFO: Closing Spring root WebApplicationContext
22/01/2016 01:31:04 PM org.apache.catalina.core.ApplicationContext log
INFO: Initializing Spring root WebApplicationContext
22/01/2016 01:32:07 PM org.apache.catalina.core.ApplicationContext log
INFO: Initializing Spring root WebApplicationContext
